[+] Containers:
 |- [+] Container: /Game/ThirdPerson/Maps/ThirdPersonMap
 |   |- [+] ActorDescs:
 |   |   |- Guid:2D96B15B480B985606B9A3B2C1F06FC0 BaseClass:/Game/Prefabs/Wall_no_top.Wall_no_top_C NativeClass:/Script/Engine.Actor Name:Wall_no_top_C_UAID_74563CC1D0D18AF501_2091594172 Label:Wall_no_top9 SpatiallyLoaded:1 Bounds:IsValid=true, Min=(X=2598.045 Y=98.045 Z=300.000), Max=(X=2701.955 Y=201.955 Z=400.000) RuntimeGrid:None EditorOnly:0 RuntimeOnly:0 HLODRelevant:0 ListedInSceneOutliner:1 IsMainWorldOnly:0
 |   |   |- Guid:2FB58999456391D349DC0F86DAC136ED BaseClass: NativeClass:/Script/Engine.SkyLight Name:SkyLight_1 Label:SkyLight SpatiallyLoaded:0 Bounds:IsValid=true, Min=(X=0.000 Y=0.000 Z=690.000), Max=(X=0.000 Y=0.000 Z=690.000) RuntimeGrid:None EditorOnly:0 RuntimeOnly:0 HLODRelevant:0 ListedInSceneOutliner:1 IsMainWorldOnly:0 FolderPath:Lighting FolderGuid:963EC3EB4002CCE9759E2EBA541A873A
 |   |   |- Guid:316CF2A6494ACA4C0E4180A87D36AB8F BaseClass: NativeClass:/Script/Engine.ExponentialHeightFog Name:ExponentialHeightFog_0 Label:ExponentialHeightFog SpatiallyLoaded:0 Bounds:IsValid=true, Min=(X=-5600.000 Y=-50.000 Z=-6850.000), Max=(X=-5600.000 Y=-50.000 Z=-6850.000) RuntimeGrid:None EditorOnly:0 RuntimeOnly:0 HLODRelevant:0 ListedInSceneOutliner:1 IsMainWorldOnly:0 FolderPath:Lighting FolderGuid:963EC3EB4002CCE9759E2EBA541A873A
 |   |   |- Guid:3A00AA1C422CE54C0BDB60BAF471BFBB BaseClass: NativeClass:/Script/Engine.PlayerStart Name:PlayerStart_0 Label:PlayerStart SpatiallyLoaded:0 Bounds:IsValid=true, Min=(X=141.464 Y=107.871 Z=0.013), Max=(X=221.464 Y=187.871 Z=184.013) RuntimeGrid:None EditorOnly:0 RuntimeOnly:0 HLODRelevant:0 ListedInSceneOutliner:1 IsMainWorldOnly:0
 |   |   |- Guid:447A4DF947F071B05E345290F3C73FA0 BaseClass: NativeClass:/Script/Engine.CameraActor Name:CameraActor_UAID_74563CC1D0D137F501_1717547560 Label:CameraActor SpatiallyLoaded:1 Bounds:IsValid=true, Min=(X=1478.922 Y=4843.325 Z=739.227), Max=(X=1478.922 Y=4843.325 Z=739.227) RuntimeGrid:None EditorOnly:0 RuntimeOnly:0 HLODRelevant:0 ListedInSceneOutliner:1 IsMainWorldOnly:0
 |   |   |- Guid:46449FB64CB5A0779C215D923260A6D7 BaseClass:/Game/Prefabs/Wall_no_top.Wall_no_top_C NativeClass:/Script/Engine.Actor Name:Wall_no_top_C_UAID_74563CC1D0D18AF501_2094543173 Label:Wall_no_top10 SpatiallyLoaded:1 Bounds:IsValid=true, Min=(X=2698.045 Y=98.045 Z=300.000), Max=(X=2801.955 Y=201.955 Z=400.000) RuntimeGrid:None EditorOnly:0 RuntimeOnly:0 HLODRelevant:0 ListedInSceneOutliner:1 IsMainWorldOnly:0
 |   |   |- Guid:4D3BE93F4146AAAC8BBE79999D96D57F BaseClass: NativeClass:/Script/Engine.VolumetricCloud Name:VolumetricCloud_0 Label:VolumetricCloud SpatiallyLoaded:0 Bounds:IsValid=true, Min=(X=0.000 Y=0.000 Z=820.000), Max=(X=0.000 Y=0.000 Z=820.000) RuntimeGrid:None EditorOnly:0 RuntimeOnly:0 HLODRelevant:0 ListedInSceneOutliner:1 IsMainWorldOnly:0 FolderPath:Lighting FolderGuid:963EC3EB4002CCE9759E2EBA541A873A
 |   |   |- Guid:540866354BB9B34987AE66B941328B9B BaseClass:/Game/Prefabs/Wall_no_top.Wall_no_top_C NativeClass:/Script/Engine.Actor Name:Wall_no_top_C_UAID_74563CC1D0D18AF501_2076995168 Label:Wall_no_top5 SpatiallyLoaded:1 Bounds:IsValid=true, Min=(X=2198.045 Y=98.045 Z=300.000), Max=(X=2301.955 Y=201.955 Z=400.000) RuntimeGrid:None EditorOnly:0 RuntimeOnly:0 HLODRelevant:0 ListedInSceneOutliner:1 IsMainWorldOnly:0
 |   |   |- Guid:565CFEE44EB9EF9989315482A435E613 BaseClass:/Game/Prefabs/Wall_no_top.Wall_no_top_C NativeClass:/Script/Engine.Actor Name:Wall_no_top_C_UAID_74563CC1D0D18AF501_2096375174 Label:Wall_no_top11 SpatiallyLoaded:1 Bounds:IsValid=true, Min=(X=2798.045 Y=98.045 Z=300.000), Max=(X=2901.955 Y=201.955 Z=400.000) RuntimeGrid:None EditorOnly:0 RuntimeOnly:0 HLODRelevant:0 ListedInSceneOutliner:1 IsMainWorldOnly:0
 |   |   |- Guid:5B370DC74A39A3D2F32ADEBABCEF7595 BaseClass:/Game/Prefabs/Wall.Wall_C NativeClass:/Script/Engine.Actor Name:Wall_C_UAID_74563CC1D0D139F501_1533761913 Label:Wall SpatiallyLoaded:1 Bounds:IsValid=true, Min=(X=-1.955 Y=98.045 Z=-39.093), Max=(X=101.955 Y=201.955 Z=2039.093) RuntimeGrid:None EditorOnly:0 RuntimeOnly:0 HLODRelevant:0 ListedInSceneOutliner:1 IsMainWorldOnly:0
 |   |   |- Guid:67BE069D44A48B12CC193792A12EEF2A BaseClass:/Game/Prefabs/Wall_no_top.Wall_no_top_C NativeClass:/Script/Engine.Actor Name:Wall_no_top_C_UAID_74563CC1D0D148F501_1113649565 Label:Wall_no_top3 SpatiallyLoaded:1 Bounds:IsValid=true, Min=(X=698.045 Y=98.045 Z=0.063), Max=(X=801.955 Y=201.955 Z=100.063) RuntimeGrid:None EditorOnly:0 RuntimeOnly:0 HLODRelevant:0 ListedInSceneOutliner:1 IsMainWorldOnly:0
 |   |   |- Guid:6BAF4DDD444C60371492D3919DB42C97 BaseClass: NativeClass:/Script/Engine.WorldDataLayers Name:WorldDataLayers Label:WorldDataLayers SpatiallyLoaded:0 Bounds:IsValid=true, Min=(X=0.000 Y=0.000 Z=0.000), Max=(X=0.000 Y=0.000 Z=0.000) RuntimeGrid:None EditorOnly:0 RuntimeOnly:0 HLODRelevant:0 ListedInSceneOutliner:1 IsMainWorldOnly:1
 |   |   |- Guid:6CEF0939435B7F7A827723BD5AC2566D BaseClass:/Game/Prefabs/Wall_no_top.Wall_no_top_C NativeClass:/Script/Engine.Actor Name:Wall_no_top_C_UAID_74563CC1D0D18AF501_2084021171 Label:Wall_no_top8 SpatiallyLoaded:1 Bounds:IsValid=true, Min=(X=2498.045 Y=98.045 Z=300.000), Max=(X=2601.955 Y=201.955 Z=400.000) RuntimeGrid:None EditorOnly:0 RuntimeOnly:0 HLODRelevant:0 ListedInSceneOutliner:1 IsMainWorldOnly:0
 |   |   |- Guid:73ECB2754DDDD917163091BF04DF1304 BaseClass:/Game/Prefabs/Spike.Spike_C NativeClass:/Script/Engine.Actor Name:Spike_C_UAID_74563CC1D0D148F501_1376406567 Label:Spike SpatiallyLoaded:1 Bounds:IsValid=true, Min=(X=1600.189 Y=100.189 Z=0.063), Max=(X=1699.811 Y=199.811 Z=99.684) RuntimeGrid:None EditorOnly:0 RuntimeOnly:0 HLODRelevant:0 ListedInSceneOutliner:1 IsMainWorldOnly:0
 |   |   |- Guid:7C8216A5438D09BFD3C294A384C61A11 BaseClass:/Game/Prefabs/Wall_no_top.Wall_no_top_C NativeClass:/Script/Engine.Actor Name:Wall_no_top_C_UAID_74563CC1D0D18AF501_2081723170 Label:Wall_no_top7 SpatiallyLoaded:1 Bounds:IsValid=true, Min=(X=2398.045 Y=98.045 Z=300.000), Max=(X=2501.955 Y=201.955 Z=400.000) RuntimeGrid:None EditorOnly:0 RuntimeOnly:0 HLODRelevant:0 ListedInSceneOutliner:1 IsMainWorldOnly:0
 |   |   |- Guid:918598BE43192CD7793816A8FB70DD2B BaseClass:/Game/Prefabs/Breakable_Block.Breakable_Block_C NativeClass:/Script/Engine.Actor Name:Breakable_Block_C_UAID_74563CC1D0D148F501_1151537566 Label:Breakable_Block SpatiallyLoaded:1 Bounds:IsValid=true, Min=(X=1398.045 Y=88.045 Z=200.000), Max=(X=1501.955 Y=191.955 Z=300.000) RuntimeGrid:None EditorOnly:0 RuntimeOnly:0 HLODRelevant:0 ListedInSceneOutliner:1 IsMainWorldOnly:0
 |   |   |- Guid:9CC4501743C4A635292EBFA91E04CB4B BaseClass:/Game/Prefabs/Wall_no_top.Wall_no_top_C NativeClass:/Script/Engine.Actor Name:Wall_no_top_C_UAID_74563CC1D0D13BF501_1254849269 Label:Wall_no_top SpatiallyLoaded:1 Bounds:IsValid=true, Min=(X=998.045 Y=98.045 Z=0.063), Max=(X=1101.955 Y=201.955 Z=100.063) RuntimeGrid:None EditorOnly:0 RuntimeOnly:0 HLODRelevant:0 ListedInSceneOutliner:1 IsMainWorldOnly:0
 |   |   |- Guid:B785ED2844B84CFB91E7F39FE661CD99 BaseClass: NativeClass:/Script/Engine.DirectionalLight Name:DirectionalLight_0 Label:DirectionalLight SpatiallyLoaded:0 Bounds:IsValid=true, Min=(X=-1048576.000 Y=-1048576.000 Z=-1048576.000), Max=(X=1048576.000 Y=1048576.000 Z=1048576.000) RuntimeGrid:None EditorOnly:0 RuntimeOnly:0 HLODRelevant:0 ListedInSceneOutliner:1 IsMainWorldOnly:0 FolderPath:Lighting FolderGuid:963EC3EB4002CCE9759E2EBA541A873A
 |   |   |- Guid:BC08B79C4EA3C961CFF75EBBE83B367D BaseClass: NativeClass:/Script/Engine.StaticMeshActor Name:StaticMeshActor_5 Label:SM_Cube2 SpatiallyLoaded:1 Bounds:IsValid=true, Min=(X=0.000 Y=0.000 Z=0.000), Max=(X=3000.000 Y=100.000 Z=2000.000) RuntimeGrid:None EditorOnly:0 RuntimeOnly:0 HLODRelevant:1 ListedInSceneOutliner:1 IsMainWorldOnly:0 FolderPath:Playground FolderGuid:C73F09FC4215536B1DCE2A9E0A830C70
 |   |   |- Guid:C77A6A524064A3DBA141FBA392800A1B BaseClass:/Game/Prefabs/Wall_no_top.Wall_no_top_C NativeClass:/Script/Engine.Actor Name:Wall_no_top_C_UAID_74563CC1D0D13BF501_1262445270 Label:Wall_no_top2 SpatiallyLoaded:1 Bounds:IsValid=true, Min=(X=998.045 Y=98.045 Z=100.000), Max=(X=1101.955 Y=201.955 Z=200.000) RuntimeGrid:None EditorOnly:0 RuntimeOnly:0 HLODRelevant:0 ListedInSceneOutliner:1 IsMainWorldOnly:0
 |   |   |- Guid:C89F755444C482690D1792BA4F0F8EE2 BaseClass:/Game/Prefabs/Wall.Wall_C NativeClass:/Script/Engine.Actor Name:Wall_C_UAID_74563CC1D0D13AF501_1591445090 Label:Wall2 SpatiallyLoaded:1 Bounds:IsValid=true, Min=(X=2898.045 Y=98.045 Z=-39.093), Max=(X=3001.955 Y=201.955 Z=2039.093) RuntimeGrid:None EditorOnly:0 RuntimeOnly:0 HLODRelevant:0 ListedInSceneOutliner:1 IsMainWorldOnly:0
 |   |   |- Guid:CCFF262C46EEFFDF319E7F9539CE697E BaseClass: NativeClass:/Script/Engine.SkyAtmosphere Name:SkyAtmosphere_0 Label:SkyAtmosphere SpatiallyLoaded:0 Bounds:IsValid=true, Min=(X=0.000 Y=0.000 Z=1020.000), Max=(X=0.000 Y=0.000 Z=1020.000) RuntimeGrid:None EditorOnly:0 RuntimeOnly:0 HLODRelevant:0 ListedInSceneOutliner:1 IsMainWorldOnly:0 FolderPath:Lighting FolderGuid:963EC3EB4002CCE9759E2EBA541A873A
 |   |   |- Guid:D8D6F2754981776FE696B49830097E3C BaseClass:/Game/Prefabs/JumpPad.JumpPad_C NativeClass:/Script/Engine.Actor Name:JumpPad_C_UAID_74563CC1D0D148F501_2035612568 Label:JumpPad SpatiallyLoaded:1 Bounds:IsValid=true, Min=(X=1900.039 Y=100.024 Z=-1.937), Max=(X=2000.064 Y=199.976 Z=38.063) RuntimeGrid:None EditorOnly:0 RuntimeOnly:0 HLODRelevant:0 ListedInSceneOutliner:1 IsMainWorldOnly:0
 |   |   |- Guid:E05C7889471331266B2284BCF16899D4 BaseClass:/Game/Prefabs/Wall_no_top.Wall_no_top_C NativeClass:/Script/Engine.Actor Name:Wall_no_top_C_UAID_74563CC1D0D18AF501_2079084169 Label:Wall_no_top6 SpatiallyLoaded:1 Bounds:IsValid=true, Min=(X=2298.045 Y=98.045 Z=300.000), Max=(X=2401.955 Y=201.955 Z=400.000) RuntimeGrid:None EditorOnly:0 RuntimeOnly:0 HLODRelevant:0 ListedInSceneOutliner:1 IsMainWorldOnly:0
 |   |   |- Guid:EC4E0C944CE6AC6E784BC6BB2916EA13 BaseClass: NativeClass:/Script/Engine.StaticMeshActor Name:StaticMeshActor_UAID_A4AE111137DC5EFB00_1110535423 Label:SM_SkySphere SpatiallyLoaded:0 Bounds:IsValid=true, Min=(X=-1638400.000 Y=-1638400.000 Z=-40960.000), Max=(X=1638400.000 Y=1638400.000 Z=40960.000) RuntimeGrid:None EditorOnly:0 RuntimeOnly:0 HLODRelevant:1 ListedInSceneOutliner:1 IsMainWorldOnly:0 FolderPath:Lighting FolderGuid:963EC3EB4002CCE9759E2EBA541A873A
 |   |   |- Guid:F1924B8D48954B30891B2DB6A694F9CC BaseClass: NativeClass:/Script/Engine.StaticMeshActor Name:StaticMeshActor_1 Label:SM_Cube SpatiallyLoaded:1 Bounds:IsValid=true, Min=(X=0.000 Y=0.000 Z=-50.000), Max=(X=3000.000 Y=200.000 Z=0.000) RuntimeGrid:None EditorOnly:0 RuntimeOnly:0 HLODRelevant:1 ListedInSceneOutliner:1 IsMainWorldOnly:0 FolderPath:Playground FolderGuid:C73F09FC4215536B1DCE2A9E0A830C70
 |   |   |- Guid:F5E3FEB3450C49844FD93DA8E083C8AD BaseClass: NativeClass:/Script/Engine.PostProcessVolume Name:PostProcessVolume_0 Label:PostProcessVolume SpatiallyLoaded:0 Bounds:IsValid=true, Min=(X=0.000 Y=0.000 Z=-250.000), Max=(X=200.000 Y=200.000 Z=-50.000) RuntimeGrid:None EditorOnly:0 RuntimeOnly:0 HLODRelevant:0 ListedInSceneOutliner:1 IsMainWorldOnly:0 FolderPath:Lighting FolderGuid:963EC3EB4002CCE9759E2EBA541A873A
 |   |- [+] Clusters:
 |   |   |- [+] [  0]
 |   |   |   |- Guid:2D96B15B480B985606B9A3B2C1F06FC0 BaseClass:/Game/Prefabs/Wall_no_top.Wall_no_top_C NativeClass:/Script/Engine.Actor Name:Wall_no_top_C_UAID_74563CC1D0D18AF501_2091594172 Label:Wall_no_top9 SpatiallyLoaded:1 Bounds:IsValid=true, Min=(X=2598.045 Y=98.045 Z=300.000), Max=(X=2701.955 Y=201.955 Z=400.000) RuntimeGrid:None EditorOnly:0 RuntimeOnly:0 HLODRelevant:0 ListedInSceneOutliner:1 IsMainWorldOnly:0
 |   |   |- [+] [  1]
 |   |   |   |- Guid:2FB58999456391D349DC0F86DAC136ED BaseClass: NativeClass:/Script/Engine.SkyLight Name:SkyLight_1 Label:SkyLight SpatiallyLoaded:0 Bounds:IsValid=true, Min=(X=0.000 Y=0.000 Z=690.000), Max=(X=0.000 Y=0.000 Z=690.000) RuntimeGrid:None EditorOnly:0 RuntimeOnly:0 HLODRelevant:0 ListedInSceneOutliner:1 IsMainWorldOnly:0 FolderPath:Lighting FolderGuid:963EC3EB4002CCE9759E2EBA541A873A
 |   |   |- [+] [  2]
 |   |   |   |- Guid:316CF2A6494ACA4C0E4180A87D36AB8F BaseClass: NativeClass:/Script/Engine.ExponentialHeightFog Name:ExponentialHeightFog_0 Label:ExponentialHeightFog SpatiallyLoaded:0 Bounds:IsValid=true, Min=(X=-5600.000 Y=-50.000 Z=-6850.000), Max=(X=-5600.000 Y=-50.000 Z=-6850.000) RuntimeGrid:None EditorOnly:0 RuntimeOnly:0 HLODRelevant:0 ListedInSceneOutliner:1 IsMainWorldOnly:0 FolderPath:Lighting FolderGuid:963EC3EB4002CCE9759E2EBA541A873A
 |   |   |- [+] [  3]
 |   |   |   |- Guid:3A00AA1C422CE54C0BDB60BAF471BFBB BaseClass: NativeClass:/Script/Engine.PlayerStart Name:PlayerStart_0 Label:PlayerStart SpatiallyLoaded:0 Bounds:IsValid=true, Min=(X=141.464 Y=107.871 Z=0.013), Max=(X=221.464 Y=187.871 Z=184.013) RuntimeGrid:None EditorOnly:0 RuntimeOnly:0 HLODRelevant:0 ListedInSceneOutliner:1 IsMainWorldOnly:0
 |   |   |- [+] [  4]
 |   |   |   |- Guid:447A4DF947F071B05E345290F3C73FA0 BaseClass: NativeClass:/Script/Engine.CameraActor Name:CameraActor_UAID_74563CC1D0D137F501_1717547560 Label:CameraActor SpatiallyLoaded:1 Bounds:IsValid=true, Min=(X=1478.922 Y=4843.325 Z=739.227), Max=(X=1478.922 Y=4843.325 Z=739.227) RuntimeGrid:None EditorOnly:0 RuntimeOnly:0 HLODRelevant:0 ListedInSceneOutliner:1 IsMainWorldOnly:0
 |   |   |- [+] [  5]
 |   |   |   |- Guid:46449FB64CB5A0779C215D923260A6D7 BaseClass:/Game/Prefabs/Wall_no_top.Wall_no_top_C NativeClass:/Script/Engine.Actor Name:Wall_no_top_C_UAID_74563CC1D0D18AF501_2094543173 Label:Wall_no_top10 SpatiallyLoaded:1 Bounds:IsValid=true, Min=(X=2698.045 Y=98.045 Z=300.000), Max=(X=2801.955 Y=201.955 Z=400.000) RuntimeGrid:None EditorOnly:0 RuntimeOnly:0 HLODRelevant:0 ListedInSceneOutliner:1 IsMainWorldOnly:0
 |   |   |- [+] [  6]
 |   |   |   |- Guid:4D3BE93F4146AAAC8BBE79999D96D57F BaseClass: NativeClass:/Script/Engine.VolumetricCloud Name:VolumetricCloud_0 Label:VolumetricCloud SpatiallyLoaded:0 Bounds:IsValid=true, Min=(X=0.000 Y=0.000 Z=820.000), Max=(X=0.000 Y=0.000 Z=820.000) RuntimeGrid:None EditorOnly:0 RuntimeOnly:0 HLODRelevant:0 ListedInSceneOutliner:1 IsMainWorldOnly:0 FolderPath:Lighting FolderGuid:963EC3EB4002CCE9759E2EBA541A873A
 |   |   |- [+] [  7]
 |   |   |   |- Guid:540866354BB9B34987AE66B941328B9B BaseClass:/Game/Prefabs/Wall_no_top.Wall_no_top_C NativeClass:/Script/Engine.Actor Name:Wall_no_top_C_UAID_74563CC1D0D18AF501_2076995168 Label:Wall_no_top5 SpatiallyLoaded:1 Bounds:IsValid=true, Min=(X=2198.045 Y=98.045 Z=300.000), Max=(X=2301.955 Y=201.955 Z=400.000) RuntimeGrid:None EditorOnly:0 RuntimeOnly:0 HLODRelevant:0 ListedInSceneOutliner:1 IsMainWorldOnly:0
 |   |   |- [+] [  8]
 |   |   |   |- Guid:565CFEE44EB9EF9989315482A435E613 BaseClass:/Game/Prefabs/Wall_no_top.Wall_no_top_C NativeClass:/Script/Engine.Actor Name:Wall_no_top_C_UAID_74563CC1D0D18AF501_2096375174 Label:Wall_no_top11 SpatiallyLoaded:1 Bounds:IsValid=true, Min=(X=2798.045 Y=98.045 Z=300.000), Max=(X=2901.955 Y=201.955 Z=400.000) RuntimeGrid:None EditorOnly:0 RuntimeOnly:0 HLODRelevant:0 ListedInSceneOutliner:1 IsMainWorldOnly:0
 |   |   |- [+] [  9]
 |   |   |   |- Guid:5B370DC74A39A3D2F32ADEBABCEF7595 BaseClass:/Game/Prefabs/Wall.Wall_C NativeClass:/Script/Engine.Actor Name:Wall_C_UAID_74563CC1D0D139F501_1533761913 Label:Wall SpatiallyLoaded:1 Bounds:IsValid=true, Min=(X=-1.955 Y=98.045 Z=-39.093), Max=(X=101.955 Y=201.955 Z=2039.093) RuntimeGrid:None EditorOnly:0 RuntimeOnly:0 HLODRelevant:0 ListedInSceneOutliner:1 IsMainWorldOnly:0
 |   |   |- [+] [ 10]
 |   |   |   |- Guid:67BE069D44A48B12CC193792A12EEF2A BaseClass:/Game/Prefabs/Wall_no_top.Wall_no_top_C NativeClass:/Script/Engine.Actor Name:Wall_no_top_C_UAID_74563CC1D0D148F501_1113649565 Label:Wall_no_top3 SpatiallyLoaded:1 Bounds:IsValid=true, Min=(X=698.045 Y=98.045 Z=0.063), Max=(X=801.955 Y=201.955 Z=100.063) RuntimeGrid:None EditorOnly:0 RuntimeOnly:0 HLODRelevant:0 ListedInSceneOutliner:1 IsMainWorldOnly:0
 |   |   |- [+] [ 11]
 |   |   |   |- Guid:6BAF4DDD444C60371492D3919DB42C97 BaseClass: NativeClass:/Script/Engine.WorldDataLayers Name:WorldDataLayers Label:WorldDataLayers SpatiallyLoaded:0 Bounds:IsValid=true, Min=(X=0.000 Y=0.000 Z=0.000), Max=(X=0.000 Y=0.000 Z=0.000) RuntimeGrid:None EditorOnly:0 RuntimeOnly:0 HLODRelevant:0 ListedInSceneOutliner:1 IsMainWorldOnly:1
 |   |   |- [+] [ 12]
 |   |   |   |- Guid:6CEF0939435B7F7A827723BD5AC2566D BaseClass:/Game/Prefabs/Wall_no_top.Wall_no_top_C NativeClass:/Script/Engine.Actor Name:Wall_no_top_C_UAID_74563CC1D0D18AF501_2084021171 Label:Wall_no_top8 SpatiallyLoaded:1 Bounds:IsValid=true, Min=(X=2498.045 Y=98.045 Z=300.000), Max=(X=2601.955 Y=201.955 Z=400.000) RuntimeGrid:None EditorOnly:0 RuntimeOnly:0 HLODRelevant:0 ListedInSceneOutliner:1 IsMainWorldOnly:0
 |   |   |- [+] [ 13]
 |   |   |   |- Guid:73ECB2754DDDD917163091BF04DF1304 BaseClass:/Game/Prefabs/Spike.Spike_C NativeClass:/Script/Engine.Actor Name:Spike_C_UAID_74563CC1D0D148F501_1376406567 Label:Spike SpatiallyLoaded:1 Bounds:IsValid=true, Min=(X=1600.189 Y=100.189 Z=0.063), Max=(X=1699.811 Y=199.811 Z=99.684) RuntimeGrid:None EditorOnly:0 RuntimeOnly:0 HLODRelevant:0 ListedInSceneOutliner:1 IsMainWorldOnly:0
 |   |   |- [+] [ 14]
 |   |   |   |- Guid:7C8216A5438D09BFD3C294A384C61A11 BaseClass:/Game/Prefabs/Wall_no_top.Wall_no_top_C NativeClass:/Script/Engine.Actor Name:Wall_no_top_C_UAID_74563CC1D0D18AF501_2081723170 Label:Wall_no_top7 SpatiallyLoaded:1 Bounds:IsValid=true, Min=(X=2398.045 Y=98.045 Z=300.000), Max=(X=2501.955 Y=201.955 Z=400.000) RuntimeGrid:None EditorOnly:0 RuntimeOnly:0 HLODRelevant:0 ListedInSceneOutliner:1 IsMainWorldOnly:0
 |   |   |- [+] [ 15]
 |   |   |   |- Guid:918598BE43192CD7793816A8FB70DD2B BaseClass:/Game/Prefabs/Breakable_Block.Breakable_Block_C NativeClass:/Script/Engine.Actor Name:Breakable_Block_C_UAID_74563CC1D0D148F501_1151537566 Label:Breakable_Block SpatiallyLoaded:1 Bounds:IsValid=true, Min=(X=1398.045 Y=88.045 Z=200.000), Max=(X=1501.955 Y=191.955 Z=300.000) RuntimeGrid:None EditorOnly:0 RuntimeOnly:0 HLODRelevant:0 ListedInSceneOutliner:1 IsMainWorldOnly:0
 |   |   |- [+] [ 16]
 |   |   |   |- Guid:9CC4501743C4A635292EBFA91E04CB4B BaseClass:/Game/Prefabs/Wall_no_top.Wall_no_top_C NativeClass:/Script/Engine.Actor Name:Wall_no_top_C_UAID_74563CC1D0D13BF501_1254849269 Label:Wall_no_top SpatiallyLoaded:1 Bounds:IsValid=true, Min=(X=998.045 Y=98.045 Z=0.063), Max=(X=1101.955 Y=201.955 Z=100.063) RuntimeGrid:None EditorOnly:0 RuntimeOnly:0 HLODRelevant:0 ListedInSceneOutliner:1 IsMainWorldOnly:0
 |   |   |- [+] [ 17]
 |   |   |   |- Guid:B785ED2844B84CFB91E7F39FE661CD99 BaseClass: NativeClass:/Script/Engine.DirectionalLight Name:DirectionalLight_0 Label:DirectionalLight SpatiallyLoaded:0 Bounds:IsValid=true, Min=(X=-1048576.000 Y=-1048576.000 Z=-1048576.000), Max=(X=1048576.000 Y=1048576.000 Z=1048576.000) RuntimeGrid:None EditorOnly:0 RuntimeOnly:0 HLODRelevant:0 ListedInSceneOutliner:1 IsMainWorldOnly:0 FolderPath:Lighting FolderGuid:963EC3EB4002CCE9759E2EBA541A873A
 |   |   |- [+] [ 18]
 |   |   |   |- Guid:BC08B79C4EA3C961CFF75EBBE83B367D BaseClass: NativeClass:/Script/Engine.StaticMeshActor Name:StaticMeshActor_5 Label:SM_Cube2 SpatiallyLoaded:1 Bounds:IsValid=true, Min=(X=0.000 Y=0.000 Z=0.000), Max=(X=3000.000 Y=100.000 Z=2000.000) RuntimeGrid:None EditorOnly:0 RuntimeOnly:0 HLODRelevant:1 ListedInSceneOutliner:1 IsMainWorldOnly:0 FolderPath:Playground FolderGuid:C73F09FC4215536B1DCE2A9E0A830C70
 |   |   |- [+] [ 19]
 |   |   |   |- Guid:C77A6A524064A3DBA141FBA392800A1B BaseClass:/Game/Prefabs/Wall_no_top.Wall_no_top_C NativeClass:/Script/Engine.Actor Name:Wall_no_top_C_UAID_74563CC1D0D13BF501_1262445270 Label:Wall_no_top2 SpatiallyLoaded:1 Bounds:IsValid=true, Min=(X=998.045 Y=98.045 Z=100.000), Max=(X=1101.955 Y=201.955 Z=200.000) RuntimeGrid:None EditorOnly:0 RuntimeOnly:0 HLODRelevant:0 ListedInSceneOutliner:1 IsMainWorldOnly:0
 |   |   |- [+] [ 20]
 |   |   |   |- Guid:C89F755444C482690D1792BA4F0F8EE2 BaseClass:/Game/Prefabs/Wall.Wall_C NativeClass:/Script/Engine.Actor Name:Wall_C_UAID_74563CC1D0D13AF501_1591445090 Label:Wall2 SpatiallyLoaded:1 Bounds:IsValid=true, Min=(X=2898.045 Y=98.045 Z=-39.093), Max=(X=3001.955 Y=201.955 Z=2039.093) RuntimeGrid:None EditorOnly:0 RuntimeOnly:0 HLODRelevant:0 ListedInSceneOutliner:1 IsMainWorldOnly:0
 |   |   |- [+] [ 21]
 |   |   |   |- Guid:CCFF262C46EEFFDF319E7F9539CE697E BaseClass: NativeClass:/Script/Engine.SkyAtmosphere Name:SkyAtmosphere_0 Label:SkyAtmosphere SpatiallyLoaded:0 Bounds:IsValid=true, Min=(X=0.000 Y=0.000 Z=1020.000), Max=(X=0.000 Y=0.000 Z=1020.000) RuntimeGrid:None EditorOnly:0 RuntimeOnly:0 HLODRelevant:0 ListedInSceneOutliner:1 IsMainWorldOnly:0 FolderPath:Lighting FolderGuid:963EC3EB4002CCE9759E2EBA541A873A
 |   |   |- [+] [ 22]
 |   |   |   |- Guid:D8D6F2754981776FE696B49830097E3C BaseClass:/Game/Prefabs/JumpPad.JumpPad_C NativeClass:/Script/Engine.Actor Name:JumpPad_C_UAID_74563CC1D0D148F501_2035612568 Label:JumpPad SpatiallyLoaded:1 Bounds:IsValid=true, Min=(X=1900.039 Y=100.024 Z=-1.937), Max=(X=2000.064 Y=199.976 Z=38.063) RuntimeGrid:None EditorOnly:0 RuntimeOnly:0 HLODRelevant:0 ListedInSceneOutliner:1 IsMainWorldOnly:0
 |   |   |- [+] [ 23]
 |   |   |   |- Guid:E05C7889471331266B2284BCF16899D4 BaseClass:/Game/Prefabs/Wall_no_top.Wall_no_top_C NativeClass:/Script/Engine.Actor Name:Wall_no_top_C_UAID_74563CC1D0D18AF501_2079084169 Label:Wall_no_top6 SpatiallyLoaded:1 Bounds:IsValid=true, Min=(X=2298.045 Y=98.045 Z=300.000), Max=(X=2401.955 Y=201.955 Z=400.000) RuntimeGrid:None EditorOnly:0 RuntimeOnly:0 HLODRelevant:0 ListedInSceneOutliner:1 IsMainWorldOnly:0
 |   |   |- [+] [ 24]
 |   |   |   |- Guid:EC4E0C944CE6AC6E784BC6BB2916EA13 BaseClass: NativeClass:/Script/Engine.StaticMeshActor Name:StaticMeshActor_UAID_A4AE111137DC5EFB00_1110535423 Label:SM_SkySphere SpatiallyLoaded:0 Bounds:IsValid=true, Min=(X=-1638400.000 Y=-1638400.000 Z=-40960.000), Max=(X=1638400.000 Y=1638400.000 Z=40960.000) RuntimeGrid:None EditorOnly:0 RuntimeOnly:0 HLODRelevant:1 ListedInSceneOutliner:1 IsMainWorldOnly:0 FolderPath:Lighting FolderGuid:963EC3EB4002CCE9759E2EBA541A873A
 |   |   |- [+] [ 25]
 |   |   |   |- Guid:F1924B8D48954B30891B2DB6A694F9CC BaseClass: NativeClass:/Script/Engine.StaticMeshActor Name:StaticMeshActor_1 Label:SM_Cube SpatiallyLoaded:1 Bounds:IsValid=true, Min=(X=0.000 Y=0.000 Z=-50.000), Max=(X=3000.000 Y=200.000 Z=0.000) RuntimeGrid:None EditorOnly:0 RuntimeOnly:0 HLODRelevant:1 ListedInSceneOutliner:1 IsMainWorldOnly:0 FolderPath:Playground FolderGuid:C73F09FC4215536B1DCE2A9E0A830C70
 |   |   |- [+] [ 26]
 |   |   |   |- Guid:F5E3FEB3450C49844FD93DA8E083C8AD BaseClass: NativeClass:/Script/Engine.PostProcessVolume Name:PostProcessVolume_0 Label:PostProcessVolume SpatiallyLoaded:0 Bounds:IsValid=true, Min=(X=0.000 Y=0.000 Z=-250.000), Max=(X=200.000 Y=200.000 Z=-50.000) RuntimeGrid:None EditorOnly:0 RuntimeOnly:0 HLODRelevant:0 ListedInSceneOutliner:1 IsMainWorldOnly:0 FolderPath:Lighting FolderGuid:963EC3EB4002CCE9759E2EBA541A873A
 |- ContainerInstances:
 |- [+] MainContainer:
 |   |-        ID: 00000000000000000000000000000000
 |   |-  ParentID: 00000000000000000000000000000000
 |   |-    Bounds: IsValid=false, Min=(X=0.000 Y=0.000 Z=0.000), Max=(X=0.000 Y=0.000 Z=0.000)
 |   |- Transform: 0.000000,0.000000,0.000000|0.000000,0.000000,-0.000000|1.000000,1.000000,1.000000
 |   |- Container: /Game/ThirdPerson/Maps/ThirdPersonMap
----------------------------------------------------------------------------------------------------------------
ThirdPersonMap - Persistent Level
----------------------------------------------------------------------------------------------------------------
[+] Content of ThirdPersonMap Persistent Level
 |- Always loaded Actor Count: 34 
 |- Actor Path: /Game/ThirdPerson/Maps/ThirdPersonMap.ThirdPersonMap:PersistentLevel.AbstractNavData-Default
 |- Actor Package: /Game/ThirdPerson/Maps/ThirdPersonMap
 |- Actor Path: /Game/ThirdPerson/Maps/ThirdPersonMap.ThirdPersonMap:PersistentLevel.Breakable_Block_C_UAID_74563CC1D0D148F501_1151537566
 |- Actor Package: /Game/__ExternalActors__/ThirdPerson/Maps/ThirdPersonMap/6/MA/Q9LP03HBJ4HK47NSHYH5HO
 |- Actor Path: /Game/ThirdPerson/Maps/ThirdPersonMap.ThirdPersonMap:PersistentLevel.Brush_0
 |- Actor Package: /Game/ThirdPerson/Maps/ThirdPersonMap
 |- Actor Path: /Game/ThirdPerson/Maps/ThirdPersonMap.ThirdPersonMap:PersistentLevel.CameraActor_UAID_74563CC1D0D137F501_1717547560
 |- Actor Package: /Game/__ExternalActors__/ThirdPerson/Maps/ThirdPersonMap/0/4R/KIMWGW4RNYDIR5RQQ4W1BZ
 |- Actor Path: /Game/ThirdPerson/Maps/ThirdPersonMap.ThirdPersonMap:PersistentLevel.DefaultPhysicsVolume_0
 |- Actor Package: /Game/ThirdPerson/Maps/ThirdPersonMap
 |- Actor Path: /Game/ThirdPerson/Maps/ThirdPersonMap.ThirdPersonMap:PersistentLevel.DirectionalLight_0
 |- Actor Package: /Game/__ExternalActors__/ThirdPerson/Maps/ThirdPersonMap/5/R1/TS5OQ5CRUWFZYL1ZQ7I416
 |- Actor Path: /Game/ThirdPerson/Maps/ThirdPersonMap.ThirdPersonMap:PersistentLevel.ExponentialHeightFog_0
 |- Actor Package: /Game/__ExternalActors__/ThirdPerson/Maps/ThirdPersonMap/6/J7/N10XDC9G27EMLS5AGZ6AVV
 |- Actor Path: /Game/ThirdPerson/Maps/ThirdPersonMap.ThirdPersonMap:PersistentLevel.GameplayDebuggerPlayerManager_0
 |- Actor Package: /Game/ThirdPerson/Maps/ThirdPersonMap
 |- Actor Path: /Game/ThirdPerson/Maps/ThirdPersonMap.ThirdPersonMap:PersistentLevel.JumpPad_C_UAID_74563CC1D0D148F501_2035612568
 |- Actor Package: /Game/__ExternalActors__/ThirdPerson/Maps/ThirdPersonMap/5/7E/0YB3R7PB2HSFCHB0BW65IO
 |- Actor Path: /Game/ThirdPerson/Maps/ThirdPersonMap.ThirdPersonMap:PersistentLevel.PlayerStart_0
 |- Actor Package: /Game/__ExternalActors__/ThirdPerson/Maps/ThirdPersonMap/D/DE/SWSI13675DVYIZ0N4NF7Y3
 |- Actor Path: /Game/ThirdPerson/Maps/ThirdPersonMap.ThirdPersonMap:PersistentLevel.PostProcessVolume_0
 |- Actor Package: /Game/__ExternalActors__/ThirdPerson/Maps/ThirdPersonMap/1/AZ/A7GPT109Y6ZTTJD4A7TXER
 |- Actor Path: /Game/ThirdPerson/Maps/ThirdPersonMap.ThirdPersonMap:PersistentLevel.SkyAtmosphere_0
 |- Actor Package: /Game/__ExternalActors__/ThirdPerson/Maps/ThirdPersonMap/4/LN/30UBDLYFFA5ZR7U4W4L4GG
 |- Actor Path: /Game/ThirdPerson/Maps/ThirdPersonMap.ThirdPersonMap:PersistentLevel.SkyLight_1
 |- Actor Package: /Game/__ExternalActors__/ThirdPerson/Maps/ThirdPersonMap/8/S1/DXUWD12MD3HRWVVXX076BY
 |- Actor Path: /Game/ThirdPerson/Maps/ThirdPersonMap.ThirdPersonMap:PersistentLevel.Spike_C_UAID_74563CC1D0D148F501_1376406567
 |- Actor Package: /Game/__ExternalActors__/ThirdPerson/Maps/ThirdPersonMap/8/3G/H8BZWKB76SGY3EDQZGII67
 |- Actor Path: /Game/ThirdPerson/Maps/ThirdPersonMap.ThirdPersonMap:PersistentLevel.StaticMeshActor_1
 |- Actor Package: /Game/__ExternalActors__/ThirdPerson/Maps/ThirdPersonMap/6/YO/NG2R9BPZVA7ZDN0Z4VSTG6
 |- Actor Path: /Game/ThirdPerson/Maps/ThirdPersonMap.ThirdPersonMap:PersistentLevel.StaticMeshActor_5
 |- Actor Package: /Game/__ExternalActors__/ThirdPerson/Maps/ThirdPersonMap/C/QF/BY1DA5CRGQSAMOTK8RA8KR
 |- Actor Path: /Game/ThirdPerson/Maps/ThirdPersonMap.ThirdPersonMap:PersistentLevel.StaticMeshActor_UAID_A4AE111137DC5EFB00_1110535423
 |- Actor Package: /Game/__ExternalActors__/ThirdPerson/Maps/ThirdPersonMap/4/PN/2QISIGK5DJNQ05US8O8FXW
 |- Actor Path: /Game/ThirdPerson/Maps/ThirdPersonMap.ThirdPersonMap:PersistentLevel.ThirdPersonExampleMap_C_0
 |- Actor Package: /Game/ThirdPerson/Maps/ThirdPersonMap
 |- Actor Path: /Game/ThirdPerson/Maps/ThirdPersonMap.ThirdPersonMap:PersistentLevel.VolumetricCloud_0
 |- Actor Package: /Game/__ExternalActors__/ThirdPerson/Maps/ThirdPersonMap/3/EY/87SHEJN5UBEAN2K5OV1G6R
 |- Actor Path: /Game/ThirdPerson/Maps/ThirdPersonMap.ThirdPersonMap:PersistentLevel.Wall_C_UAID_74563CC1D0D139F501_1533761913
 |- Actor Package: /Game/__ExternalActors__/ThirdPerson/Maps/ThirdPersonMap/1/JZ/OLSUGTUB1U6O8AV78RQ0N1
 |- Actor Path: /Game/ThirdPerson/Maps/ThirdPersonMap.ThirdPersonMap:PersistentLevel.Wall_C_UAID_74563CC1D0D13AF501_1591445090
 |- Actor Package: /Game/__ExternalActors__/ThirdPerson/Maps/ThirdPersonMap/0/U3/8OT3T0OIRQQSOPDLT4MM53
 |- Actor Path: /Game/ThirdPerson/Maps/ThirdPersonMap.ThirdPersonMap:PersistentLevel.Wall_no_top_C_UAID_74563CC1D0D13BF501_1254849269
 |- Actor Package: /Game/__ExternalActors__/ThirdPerson/Maps/ThirdPersonMap/4/IJ/GS0KRP7BXQBIRW1L64IN99
 |- Actor Path: /Game/ThirdPerson/Maps/ThirdPersonMap.ThirdPersonMap:PersistentLevel.Wall_no_top_C_UAID_74563CC1D0D13BF501_1262445270
 |- Actor Package: /Game/__ExternalActors__/ThirdPerson/Maps/ThirdPersonMap/B/2C/7TKLHZT1LL1EWPMLIK3Z4F
 |- Actor Path: /Game/ThirdPerson/Maps/ThirdPersonMap.ThirdPersonMap:PersistentLevel.Wall_no_top_C_UAID_74563CC1D0D148F501_1113649565
 |- Actor Package: /Game/__ExternalActors__/ThirdPerson/Maps/ThirdPersonMap/0/8I/VSXPULIVCG25VB3QHMTWV6
 |- Actor Path: /Game/ThirdPerson/Maps/ThirdPersonMap.ThirdPersonMap:PersistentLevel.Wall_no_top_C_UAID_74563CC1D0D18AF501_2076995168
 |- Actor Package: /Game/__ExternalActors__/ThirdPerson/Maps/ThirdPersonMap/5/I6/5MND8QER49XLFQMEO4LMN6
 |- Actor Path: /Game/ThirdPerson/Maps/ThirdPersonMap.ThirdPersonMap:PersistentLevel.Wall_no_top_C_UAID_74563CC1D0D18AF501_2079084169
 |- Actor Package: /Game/__ExternalActors__/ThirdPerson/Maps/ThirdPersonMap/9/C4/J786344UMNNZ72E9IHDBHL
 |- Actor Path: /Game/ThirdPerson/Maps/ThirdPersonMap.ThirdPersonMap:PersistentLevel.Wall_no_top_C_UAID_74563CC1D0D18AF501_2081723170
 |- Actor Package: /Game/__ExternalActors__/ThirdPerson/Maps/ThirdPersonMap/3/T8/N8SIUX7GPD8M4GCFBRK3BJ
 |- Actor Path: /Game/ThirdPerson/Maps/ThirdPersonMap.ThirdPersonMap:PersistentLevel.Wall_no_top_C_UAID_74563CC1D0D18AF501_2084021171
 |- Actor Package: /Game/__ExternalActors__/ThirdPerson/Maps/ThirdPersonMap/8/K7/48S1E0D1GLGVCC2DZIXFOR
 |- Actor Path: /Game/ThirdPerson/Maps/ThirdPersonMap.ThirdPersonMap:PersistentLevel.Wall_no_top_C_UAID_74563CC1D0D18AF501_2091594172
 |- Actor Package: /Game/__ExternalActors__/ThirdPerson/Maps/ThirdPersonMap/D/Q6/S9FFEFY5VW1GGYAS6ZEHLR
 |- Actor Path: /Game/ThirdPerson/Maps/ThirdPersonMap.ThirdPersonMap:PersistentLevel.Wall_no_top_C_UAID_74563CC1D0D18AF501_2094543173
 |- Actor Package: /Game/__ExternalActors__/ThirdPerson/Maps/ThirdPersonMap/B/RZ/W4VBEWRGUW1634CTMALK81
 |- Actor Path: /Game/ThirdPerson/Maps/ThirdPersonMap.ThirdPersonMap:PersistentLevel.Wall_no_top_C_UAID_74563CC1D0D18AF501_2096375174
 |- Actor Package: /Game/__ExternalActors__/ThirdPerson/Maps/ThirdPersonMap/2/N6/V1Q4LXKWSMETN56GTM2135
 |- Actor Path: /Game/ThirdPerson/Maps/ThirdPersonMap.ThirdPersonMap:PersistentLevel.WorldDataLayers
 |- Actor Package: /Game/__ExternalActors__/ThirdPerson/Maps/ThirdPersonMap/0/43/HYQWORMY4JDQ5X3OKZXFLC
 |- Actor Path: /Game/ThirdPerson/Maps/ThirdPersonMap.ThirdPersonMap:PersistentLevel.WorldInfo_0
 |- Actor Package: /Game/ThirdPerson/Maps/ThirdPersonMap
 |- Actor Path: /Game/ThirdPerson/Maps/ThirdPersonMap.ThirdPersonMap:PersistentLevel.WorldPartitionMiniMap_0
 |- Actor Package: /Game/__ExternalActors__/ThirdPerson/Maps/ThirdPersonMap/E/FR/LBG6LPN5JCL3FMVSI2CK6R

----------------------------------------------------------------------------------------------------------------
ThirdPersonMap - Runtime Spatial Hash - Streaming Grid - MainGrid
----------------------------------------------------------------------------------------------------------------
            Origin: X=0.000 Y=0.000 Z=0.000
         Cell Size: 12800
      World Bounds: IsValid=false, Min=(X=0.000 Y=0.000 Z=0.000), Max=(X=0.000 Y=0.000 Z=0.000)
     Loading Range: 25600.00
Block Slow Loading: No
 ClientOnlyVisible: No
            Origin: X=0.000 Y=0.000 Z=0.000

[+] Grid Levels: 1
 |- Level  0: Cell Count    0 | Cell Size   12800 | Actor Count    0 (0.0%)

[+] Content of Grid Level 0

