[+] Containers:
 |- [+] Container: /Game/ThirdPerson/Maps/ThirdPersonMap
 |   |- [+] ActorDescs:
 |   |   |- Guid:010521254164D76F13B884B0FD9D19BD BaseClass: NativeClass:/Script/Engine.StaticMeshActor Name:StaticMeshActor_UAID_74563CC1D0D18DF501_1775657732 Label:Spike10 SpatiallyLoaded:1 Bounds:IsValid=true, Min=(X=1900.189 Y=100.189 Z=-0.000), Max=(X=1999.811 Y=199.811 Z=99.622) RuntimeGrid:None EditorOnly:0 RuntimeOnly:0 HLODRelevant:1 ListedInSceneOutliner:1 IsMainWorldOnly:0
 |   |   |- Guid:049AE83D48C233B3D9284883F1DC669A BaseClass: NativeClass:/Script/Engine.StaticMeshActor Name:StaticMeshActor_UAID_74563CC1D0D18DF501_1768133728 Label:Spike6 SpatiallyLoaded:1 Bounds:IsValid=true, Min=(X=2300.189 Y=100.189 Z=-0.000), Max=(X=2399.811 Y=199.811 Z=99.622) RuntimeGrid:None EditorOnly:0 RuntimeOnly:0 HLODRelevant:1 ListedInSceneOutliner:1 IsMainWorldOnly:0
 |   |   |- Guid:09133033488B3AFA22BFDAB93209BACC BaseClass:/Game/Prefabs/Wall_no_top.Wall_no_top_C NativeClass:/Script/Engine.Actor Name:Wall_no_top_C_UAID_74563CC1D0D18DF501_2037835739 Label:Wall_no_top13 SpatiallyLoaded:1 Bounds:IsValid=true, Min=(X=2198.045 Y=98.045 Z=800.000), Max=(X=2301.955 Y=201.955 Z=900.000) RuntimeGrid:None EditorOnly:0 RuntimeOnly:0 HLODRelevant:0 ListedInSceneOutliner:1 IsMainWorldOnly:0
 |   |   |- Guid:0B205CD043EC86B03C8BBEB7A85E547F BaseClass:/Game/Prefabs/Wall_no_top.Wall_no_top_C NativeClass:/Script/Engine.Actor Name:Wall_no_top_C_UAID_74563CC1D0D18CF501_1292242532 Label:Wall_no_top2 SpatiallyLoaded:1 Bounds:IsValid=true, Min=(X=1398.045 Y=98.045 Z=100.000), Max=(X=1501.955 Y=201.955 Z=200.000) RuntimeGrid:None EditorOnly:0 RuntimeOnly:0 HLODRelevant:0 ListedInSceneOutliner:1 IsMainWorldOnly:0
 |   |   |- Guid:16738EB846004D8BEBB200A9B97993CF BaseClass:/Game/Prefabs/JumpPad.JumpPad_C NativeClass:/Script/Engine.Actor Name:JumpPad_C_UAID_74563CC1D0D18DF501_2051269742 Label:JumpPad SpatiallyLoaded:1 Bounds:IsValid=true, Min=(X=2400.039 Y=100.024 Z=898.000), Max=(X=2500.064 Y=199.976 Z=938.000) RuntimeGrid:None EditorOnly:0 RuntimeOnly:0 HLODRelevant:0 ListedInSceneOutliner:1 IsMainWorldOnly:0
 |   |   |- Guid:170A16E9437A75FD1804B8B8B2B39F94 BaseClass:/Game/Prefabs/Wall_no_top.Wall_no_top_C NativeClass:/Script/Engine.Actor Name:Wall_no_top_C_UAID_74563CC1D0D18CF501_1929763544 Label:Wall_no_top10 SpatiallyLoaded:1 Bounds:IsValid=true, Min=(X=1498.045 Y=98.045 Z=600.000), Max=(X=1601.955 Y=201.955 Z=700.000) RuntimeGrid:None EditorOnly:0 RuntimeOnly:0 HLODRelevant:0 ListedInSceneOutliner:1 IsMainWorldOnly:0
 |   |   |- Guid:2522E33C4C626A4EFEAEE68C567156AC BaseClass:/Game/Prefabs/Wall_no_top.Wall_no_top_C NativeClass:/Script/Engine.Actor Name:Wall_no_top_C_UAID_74563CC1D0D18CF501_1943450545 Label:Wall_no_top11 SpatiallyLoaded:1 Bounds:IsValid=true, Min=(X=1798.045 Y=98.045 Z=700.000), Max=(X=1901.955 Y=201.955 Z=800.000) RuntimeGrid:None EditorOnly:0 RuntimeOnly:0 HLODRelevant:0 ListedInSceneOutliner:1 IsMainWorldOnly:0
 |   |   |- Guid:2FB58999456391D349DC0F86DAC136ED BaseClass: NativeClass:/Script/Engine.SkyLight Name:SkyLight_1 Label:SkyLight SpatiallyLoaded:0 Bounds:IsValid=true, Min=(X=0.000 Y=0.000 Z=690.000), Max=(X=0.000 Y=0.000 Z=690.000) RuntimeGrid:None EditorOnly:0 RuntimeOnly:0 HLODRelevant:0 ListedInSceneOutliner:1 IsMainWorldOnly:0 FolderPath:Lighting FolderGuid:963EC3EB4002CCE9759E2EBA541A873A
 |   |   |- Guid:316CF2A6494ACA4C0E4180A87D36AB8F BaseClass: NativeClass:/Script/Engine.ExponentialHeightFog Name:ExponentialHeightFog_0 Label:ExponentialHeightFog SpatiallyLoaded:0 Bounds:IsValid=true, Min=(X=-5600.000 Y=-50.000 Z=-6850.000), Max=(X=-5600.000 Y=-50.000 Z=-6850.000) RuntimeGrid:None EditorOnly:0 RuntimeOnly:0 HLODRelevant:0 ListedInSceneOutliner:1 IsMainWorldOnly:0 FolderPath:Lighting FolderGuid:963EC3EB4002CCE9759E2EBA541A873A
 |   |   |- Guid:360965FB4BE030E51C380E86820454E1 BaseClass:/Game/Prefabs/Wall_no_top.Wall_no_top_C NativeClass:/Script/Engine.Actor Name:Wall_no_top_C_UAID_74563CC1D0D18CF501_1946823546 Label:Wall_no_top12 SpatiallyLoaded:1 Bounds:IsValid=true, Min=(X=2098.045 Y=98.045 Z=800.000), Max=(X=2201.955 Y=201.955 Z=900.000) RuntimeGrid:None EditorOnly:0 RuntimeOnly:0 HLODRelevant:0 ListedInSceneOutliner:1 IsMainWorldOnly:0
 |   |   |- Guid:38278E1847B75EAC798E24B99E5989A8 BaseClass:/Game/Prefabs/Wall_no_top.Wall_no_top_C NativeClass:/Script/Engine.Actor Name:Wall_no_top_C_UAID_74563CC1D0D18CF501_1446434541 Label:Wall_no_top9 SpatiallyLoaded:1 Bounds:IsValid=true, Min=(X=1398.045 Y=98.045 Z=1200.000), Max=(X=1501.955 Y=201.955 Z=1300.000) RuntimeGrid:None EditorOnly:0 RuntimeOnly:0 HLODRelevant:0 ListedInSceneOutliner:1 IsMainWorldOnly:0
 |   |   |- Guid:3A00AA1C422CE54C0BDB60BAF471BFBB BaseClass: NativeClass:/Script/Engine.PlayerStart Name:PlayerStart_0 Label:PlayerStart SpatiallyLoaded:0 Bounds:IsValid=true, Min=(X=141.464 Y=107.871 Z=0.013), Max=(X=221.464 Y=187.871 Z=184.013) RuntimeGrid:None EditorOnly:0 RuntimeOnly:0 HLODRelevant:0 ListedInSceneOutliner:1 IsMainWorldOnly:0
 |   |   |- Guid:404EAD55428F00F165D1DA8CA3BC44CF BaseClass:/Game/Prefabs/Spike.Spike_C NativeClass:/Script/Engine.Actor Name:Spike_C_UAID_74563CC1D0D18DF501_2005113738 Label:Spike15 SpatiallyLoaded:1 Bounds:IsValid=true, Min=(X=1000.189 Y=100.189 Z=-0.000), Max=(X=1099.811 Y=199.811 Z=99.823) RuntimeGrid:None EditorOnly:0 RuntimeOnly:0 HLODRelevant:0 ListedInSceneOutliner:1 IsMainWorldOnly:0
 |   |   |- Guid:41DCB5AB489B9134D888408865BD16DD BaseClass:/Game/Prefabs/Wall_no_top.Wall_no_top_C NativeClass:/Script/Engine.Actor Name:Wall_no_top_C_UAID_74563CC1D0D18CF501_1297535533 Label:Wall_no_top3 SpatiallyLoaded:1 Bounds:IsValid=true, Min=(X=1398.045 Y=98.045 Z=200.000), Max=(X=1501.955 Y=201.955 Z=300.000) RuntimeGrid:None EditorOnly:0 RuntimeOnly:0 HLODRelevant:0 ListedInSceneOutliner:1 IsMainWorldOnly:0
 |   |   |- Guid:43D76AEC450729C6704148AA1A78FF67 BaseClass:/Game/Prefabs/Wall_no_top.Wall_no_top_C NativeClass:/Script/Engine.Actor Name:Wall_no_top_C_UAID_74563CC1D0D18DF501_2041579741 Label:Wall_no_top15 SpatiallyLoaded:1 Bounds:IsValid=true, Min=(X=2398.045 Y=98.045 Z=800.000), Max=(X=2501.955 Y=201.955 Z=900.000) RuntimeGrid:None EditorOnly:0 RuntimeOnly:0 HLODRelevant:0 ListedInSceneOutliner:1 IsMainWorldOnly:0
 |   |   |- Guid:447A4DF947F071B05E345290F3C73FA0 BaseClass: NativeClass:/Script/Engine.CameraActor Name:CameraActor_UAID_74563CC1D0D137F501_1717547560 Label:CameraActor SpatiallyLoaded:1 Bounds:IsValid=true, Min=(X=1478.922 Y=4843.325 Z=739.227), Max=(X=1478.922 Y=4843.325 Z=739.227) RuntimeGrid:None EditorOnly:0 RuntimeOnly:0 HLODRelevant:0 ListedInSceneOutliner:1 IsMainWorldOnly:0
 |   |   |- Guid:4C94C6B746FF44E91D968095327F8704 BaseClass:/Game/Prefabs/Coin.Coin_C NativeClass:/Script/Engine.Actor Name:Coin_C_UAID_74563CC1D0D18DF501_1834173737 Label:Coin SpatiallyLoaded:1 Bounds:IsValid=true, Min=(X=1807.338 Y=126.148 Z=797.632), Max=(X=1892.662 Y=173.852 Z=906.368) RuntimeGrid:None EditorOnly:0 RuntimeOnly:0 HLODRelevant:0 ListedInSceneOutliner:1 IsMainWorldOnly:0
 |   |   |- Guid:4D3BE93F4146AAAC8BBE79999D96D57F BaseClass: NativeClass:/Script/Engine.VolumetricCloud Name:VolumetricCloud_0 Label:VolumetricCloud SpatiallyLoaded:0 Bounds:IsValid=true, Min=(X=0.000 Y=0.000 Z=820.000), Max=(X=0.000 Y=0.000 Z=820.000) RuntimeGrid:None EditorOnly:0 RuntimeOnly:0 HLODRelevant:0 ListedInSceneOutliner:1 IsMainWorldOnly:0 FolderPath:Lighting FolderGuid:963EC3EB4002CCE9759E2EBA541A873A
 |   |   |- Guid:53572BC54390C8230B267591E883D495 BaseClass:/Game/Prefabs/JumpPad_Sideway.JumpPad_Sideway_C NativeClass:/Script/Engine.Actor Name:JumpPad_Sideway_C_UAID_74563CC1D0D18CF501_1306831534 Label:JumpPad_Sideway SpatiallyLoaded:1 Bounds:IsValid=true, Min=(X=1378.757 Y=97.223 Z=97.062), Max=(X=1413.243 Y=202.777 Z=202.938) RuntimeGrid:None EditorOnly:0 RuntimeOnly:0 HLODRelevant:0 ListedInSceneOutliner:1 IsMainWorldOnly:0
 |   |   |- Guid:5B370DC74A39A3D2F32ADEBABCEF7595 BaseClass:/Game/Prefabs/Wall.Wall_C NativeClass:/Script/Engine.Actor Name:Wall_C_UAID_74563CC1D0D139F501_1533761913 Label:Wall SpatiallyLoaded:1 Bounds:IsValid=true, Min=(X=-1.955 Y=98.045 Z=-39.093), Max=(X=101.955 Y=201.955 Z=2039.093) RuntimeGrid:None EditorOnly:0 RuntimeOnly:0 HLODRelevant:0 ListedInSceneOutliner:1 IsMainWorldOnly:0
 |   |   |- Guid:5CB8C7C94AFE70973211FFBBE33F01CE BaseClass: NativeClass:/Script/Engine.StaticMeshActor Name:StaticMeshActor_UAID_74563CC1D0D18DF501_1765657726 Label:Spike4 SpatiallyLoaded:1 Bounds:IsValid=true, Min=(X=2500.189 Y=100.189 Z=-0.000), Max=(X=2599.811 Y=199.811 Z=99.622) RuntimeGrid:None EditorOnly:0 RuntimeOnly:0 HLODRelevant:1 ListedInSceneOutliner:1 IsMainWorldOnly:0
 |   |   |- Guid:5D61802C44A86F173C76AF98FE266740 BaseClass:/Game/Prefabs/JumpPad_Sideway.JumpPad_Sideway_C NativeClass:/Script/Engine.Actor Name:JumpPad_Sideway_C_UAID_74563CC1D0D18CF501_1467163543 Label:JumpPad_Sideway3 SpatiallyLoaded:1 Bounds:IsValid=true, Min=(X=1378.757 Y=97.223 Z=1197.062), Max=(X=1413.243 Y=202.777 Z=1302.938) RuntimeGrid:None EditorOnly:0 RuntimeOnly:0 HLODRelevant:0 ListedInSceneOutliner:1 IsMainWorldOnly:0
 |   |   |- Guid:6BAF4DDD444C60371492D3919DB42C97 BaseClass: NativeClass:/Script/Engine.WorldDataLayers Name:WorldDataLayers Label:WorldDataLayers SpatiallyLoaded:0 Bounds:IsValid=true, Min=(X=0.000 Y=0.000 Z=0.000), Max=(X=0.000 Y=0.000 Z=0.000) RuntimeGrid:None EditorOnly:0 RuntimeOnly:0 HLODRelevant:0 ListedInSceneOutliner:1 IsMainWorldOnly:1
 |   |   |- Guid:6F5ABAAE45D0204E8E0995B92FF16BD4 BaseClass:/Game/Prefabs/JumpPad_Sideway.JumpPad_Sideway_C NativeClass:/Script/Engine.Actor Name:JumpPad_Sideway_C_UAID_74563CC1D0D18DF501_2074966743 Label:JumpPad_Sideway4 SpatiallyLoaded:1 Bounds:IsValid=true, Min=(X=2878.757 Y=97.223 Z=1397.062), Max=(X=2913.243 Y=202.777 Z=1502.938) RuntimeGrid:None EditorOnly:0 RuntimeOnly:0 HLODRelevant:0 ListedInSceneOutliner:1 IsMainWorldOnly:0
 |   |   |- Guid:799B02E943652DB74BF305A53F605CEE BaseClass:/Game/Prefabs/Wall_no_top.Wall_no_top_C NativeClass:/Script/Engine.Actor Name:Wall_no_top_C_UAID_74563CC1D0D18CF501_1284244531 Label:Wall_no_top SpatiallyLoaded:1 Bounds:IsValid=true, Min=(X=1398.045 Y=98.045 Z=0.000), Max=(X=1501.955 Y=201.955 Z=100.000) RuntimeGrid:None EditorOnly:0 RuntimeOnly:0 HLODRelevant:0 ListedInSceneOutliner:1 IsMainWorldOnly:0
 |   |   |- Guid:81E35092493539A266B713B8793DF7EB BaseClass:/Game/Prefabs/Wall_no_top.Wall_no_top_C NativeClass:/Script/Engine.Actor Name:Wall_no_top_C_UAID_74563CC1D0D18CF501_1435080538 Label:Wall_no_top6 SpatiallyLoaded:1 Bounds:IsValid=true, Min=(X=898.045 Y=98.045 Z=700.000), Max=(X=1001.955 Y=201.955 Z=800.000) RuntimeGrid:None EditorOnly:0 RuntimeOnly:0 HLODRelevant:0 ListedInSceneOutliner:1 IsMainWorldOnly:0
 |   |   |- Guid:9313F2A448FB631C219A2A8ADD022FC2 BaseClass: NativeClass:/Script/Engine.StaticMeshActor Name:StaticMeshActor_UAID_74563CC1D0D18DF501_1775656730 Label:Spike8 SpatiallyLoaded:1 Bounds:IsValid=true, Min=(X=2100.189 Y=100.189 Z=-0.000), Max=(X=2199.811 Y=199.811 Z=99.622) RuntimeGrid:None EditorOnly:0 RuntimeOnly:0 HLODRelevant:1 ListedInSceneOutliner:1 IsMainWorldOnly:0
 |   |   |- Guid:9DC48A22482EDAC9C1E06D9925AD0CB6 BaseClass:/Game/Prefabs/Wall_no_top.Wall_no_top_C NativeClass:/Script/Engine.Actor Name:Wall_no_top_C_UAID_74563CC1D0D18CF501_1446433540 Label:Wall_no_top8 SpatiallyLoaded:1 Bounds:IsValid=true, Min=(X=1398.045 Y=98.045 Z=1000.000), Max=(X=1501.955 Y=201.955 Z=1100.000) RuntimeGrid:None EditorOnly:0 RuntimeOnly:0 HLODRelevant:0 ListedInSceneOutliner:1 IsMainWorldOnly:0
 |   |   |- Guid:A2058345470712CF237377A104E1E846 BaseClass:/Game/Prefabs/Spike.Spike_C NativeClass:/Script/Engine.Actor Name:Spike_C_UAID_74563CC1D0D18DF501_2117198744 Label:Spike16 SpatiallyLoaded:1 Bounds:IsValid=true, Min=(X=900.189 Y=100.189 Z=-0.000), Max=(X=999.811 Y=199.811 Z=99.823) RuntimeGrid:None EditorOnly:0 RuntimeOnly:0 HLODRelevant:0 ListedInSceneOutliner:1 IsMainWorldOnly:0
 |   |   |- Guid:A89E5679483403D9CF0988BF9E5625B2 BaseClass:/Game/Prefabs/Wall_no_top.Wall_no_top_C NativeClass:/Script/Engine.Actor Name:Wall_no_top_C_UAID_74563CC1D0D18CF501_1418034536 Label:Wall_no_top4 SpatiallyLoaded:1 Bounds:IsValid=true, Min=(X=898.045 Y=98.045 Z=600.000), Max=(X=1001.955 Y=201.955 Z=700.000) RuntimeGrid:None EditorOnly:0 RuntimeOnly:0 HLODRelevant:0 ListedInSceneOutliner:1 IsMainWorldOnly:0
 |   |   |- Guid:B785ED2844B84CFB91E7F39FE661CD99 BaseClass: NativeClass:/Script/Engine.DirectionalLight Name:DirectionalLight_0 Label:DirectionalLight SpatiallyLoaded:0 Bounds:IsValid=true, Min=(X=-1048576.000 Y=-1048576.000 Z=-1048576.000), Max=(X=1048576.000 Y=1048576.000 Z=1048576.000) RuntimeGrid:None EditorOnly:0 RuntimeOnly:0 HLODRelevant:0 ListedInSceneOutliner:1 IsMainWorldOnly:0 FolderPath:Lighting FolderGuid:963EC3EB4002CCE9759E2EBA541A873A
 |   |   |- Guid:B9A629B54FBD43348A93829205335B51 BaseClass:/Game/Prefabs/Wall_no_top.Wall_no_top_C NativeClass:/Script/Engine.Actor Name:Wall_no_top_C_UAID_74563CC1D0D18CF501_1433481537 Label:Wall_no_top5 SpatiallyLoaded:1 Bounds:IsValid=true, Min=(X=898.045 Y=98.045 Z=500.000), Max=(X=1001.955 Y=201.955 Z=600.000) RuntimeGrid:None EditorOnly:0 RuntimeOnly:0 HLODRelevant:0 ListedInSceneOutliner:1 IsMainWorldOnly:0
 |   |   |- Guid:BC08B79C4EA3C961CFF75EBBE83B367D BaseClass: NativeClass:/Script/Engine.StaticMeshActor Name:StaticMeshActor_5 Label:SM_Cube2 SpatiallyLoaded:1 Bounds:IsValid=true, Min=(X=0.000 Y=0.000 Z=0.000), Max=(X=3000.000 Y=100.000 Z=2000.000) RuntimeGrid:None EditorOnly:0 RuntimeOnly:0 HLODRelevant:1 ListedInSceneOutliner:1 IsMainWorldOnly:0 FolderPath:Playground FolderGuid:C73F09FC4215536B1DCE2A9E0A830C70
 |   |   |- Guid:BDA25C144394309341C982A85AA12F42 BaseClass: NativeClass:/Script/Engine.StaticMeshActor Name:StaticMeshActor_UAID_74563CC1D0D18DF501_1775658734 Label:Spike12 SpatiallyLoaded:1 Bounds:IsValid=true, Min=(X=1700.189 Y=100.189 Z=-0.000), Max=(X=1799.811 Y=199.811 Z=99.622) RuntimeGrid:None EditorOnly:0 RuntimeOnly:0 HLODRelevant:1 ListedInSceneOutliner:1 IsMainWorldOnly:0
 |   |   |- Guid:C89F755444C482690D1792BA4F0F8EE2 BaseClass:/Game/Prefabs/Wall.Wall_C NativeClass:/Script/Engine.Actor Name:Wall_C_UAID_74563CC1D0D13AF501_1591445090 Label:Wall2 SpatiallyLoaded:1 Bounds:IsValid=true, Min=(X=2898.045 Y=98.045 Z=-39.093), Max=(X=3001.955 Y=201.955 Z=2039.093) RuntimeGrid:None EditorOnly:0 RuntimeOnly:0 HLODRelevant:0 ListedInSceneOutliner:1 IsMainWorldOnly:0
 |   |   |- Guid:CCFF262C46EEFFDF319E7F9539CE697E BaseClass: NativeClass:/Script/Engine.SkyAtmosphere Name:SkyAtmosphere_0 Label:SkyAtmosphere SpatiallyLoaded:0 Bounds:IsValid=true, Min=(X=0.000 Y=0.000 Z=1020.000), Max=(X=0.000 Y=0.000 Z=1020.000) RuntimeGrid:None EditorOnly:0 RuntimeOnly:0 HLODRelevant:0 ListedInSceneOutliner:1 IsMainWorldOnly:0 FolderPath:Lighting FolderGuid:963EC3EB4002CCE9759E2EBA541A873A
 |   |   |- Guid:DC135F9E4FC109A159C400872AA71E18 BaseClass: NativeClass:/Script/Engine.StaticMeshActor Name:StaticMeshActor_UAID_74563CC1D0D18DF501_1785234736 Label:Spike14 SpatiallyLoaded:1 Bounds:IsValid=true, Min=(X=1500.189 Y=100.189 Z=-0.000), Max=(X=1599.811 Y=199.811 Z=99.622) RuntimeGrid:None EditorOnly:0 RuntimeOnly:0 HLODRelevant:1 ListedInSceneOutliner:1 IsMainWorldOnly:0
 |   |   |- Guid:DCEAB4A7437B9EC326E089A25E4F1658 BaseClass:/Game/Prefabs/Wall_no_top.Wall_no_top_C NativeClass:/Script/Engine.Actor Name:Wall_no_top_C_UAID_74563CC1D0D18CF501_1446431539 Label:Wall_no_top7 SpatiallyLoaded:1 Bounds:IsValid=true, Min=(X=1398.045 Y=98.045 Z=1100.000), Max=(X=1501.955 Y=201.955 Z=1200.000) RuntimeGrid:None EditorOnly:0 RuntimeOnly:0 HLODRelevant:0 ListedInSceneOutliner:1 IsMainWorldOnly:0
 |   |   |- Guid:E1C087A645398EF27185B381C818CCA9 BaseClass: NativeClass:/Script/Engine.StaticMeshActor Name:StaticMeshActor_UAID_74563CC1D0D18DF501_1759594724 Label:Spike2 SpatiallyLoaded:1 Bounds:IsValid=true, Min=(X=2700.189 Y=100.189 Z=-0.000), Max=(X=2799.811 Y=199.811 Z=99.622) RuntimeGrid:None EditorOnly:0 RuntimeOnly:0 HLODRelevant:1 ListedInSceneOutliner:1 IsMainWorldOnly:0
 |   |   |- Guid:E7E4754E48D456C23509CA96ABDD8605 BaseClass:/Game/Prefabs/JumpPad_Sideway.JumpPad_Sideway_C NativeClass:/Script/Engine.Actor Name:JumpPad_Sideway_C_UAID_74563CC1D0D18CF501_1464499542 Label:JumpPad_Sideway2 SpatiallyLoaded:1 Bounds:IsValid=true, Min=(X=986.757 Y=97.223 Z=497.062), Max=(X=1021.243 Y=202.777 Z=602.938) RuntimeGrid:None EditorOnly:0 RuntimeOnly:0 HLODRelevant:0 ListedInSceneOutliner:1 IsMainWorldOnly:0
 |   |   |- Guid:EC4E0C944CE6AC6E784BC6BB2916EA13 BaseClass: NativeClass:/Script/Engine.StaticMeshActor Name:StaticMeshActor_UAID_A4AE111137DC5EFB00_1110535423 Label:SM_SkySphere SpatiallyLoaded:0 Bounds:IsValid=true, Min=(X=-1638400.000 Y=-1638400.000 Z=-40960.000), Max=(X=1638400.000 Y=1638400.000 Z=40960.000) RuntimeGrid:None EditorOnly:0 RuntimeOnly:0 HLODRelevant:1 ListedInSceneOutliner:1 IsMainWorldOnly:0 FolderPath:Lighting FolderGuid:963EC3EB4002CCE9759E2EBA541A873A
 |   |   |- Guid:F1924B8D48954B30891B2DB6A694F9CC BaseClass: NativeClass:/Script/Engine.StaticMeshActor Name:StaticMeshActor_1 Label:SM_Cube SpatiallyLoaded:1 Bounds:IsValid=true, Min=(X=0.000 Y=0.000 Z=-50.000), Max=(X=3000.000 Y=200.000 Z=0.000) RuntimeGrid:None EditorOnly:0 RuntimeOnly:0 HLODRelevant:1 ListedInSceneOutliner:1 IsMainWorldOnly:0 FolderPath:Playground FolderGuid:C73F09FC4215536B1DCE2A9E0A830C70
 |   |   |- Guid:F5E3FEB3450C49844FD93DA8E083C8AD BaseClass: NativeClass:/Script/Engine.PostProcessVolume Name:PostProcessVolume_0 Label:PostProcessVolume SpatiallyLoaded:0 Bounds:IsValid=true, Min=(X=0.000 Y=0.000 Z=-250.000), Max=(X=200.000 Y=200.000 Z=-50.000) RuntimeGrid:None EditorOnly:0 RuntimeOnly:0 HLODRelevant:0 ListedInSceneOutliner:1 IsMainWorldOnly:0 FolderPath:Lighting FolderGuid:963EC3EB4002CCE9759E2EBA541A873A
 |   |   |- Guid:FEE686D74526568F239611A43480AA61 BaseClass:/Game/Prefabs/Wall_no_top.Wall_no_top_C NativeClass:/Script/Engine.Actor Name:Wall_no_top_C_UAID_74563CC1D0D18DF501_2039902740 Label:Wall_no_top14 SpatiallyLoaded:1 Bounds:IsValid=true, Min=(X=2298.045 Y=98.045 Z=800.000), Max=(X=2401.955 Y=201.955 Z=900.000) RuntimeGrid:None EditorOnly:0 RuntimeOnly:0 HLODRelevant:0 ListedInSceneOutliner:1 IsMainWorldOnly:0
 |   |- [+] Clusters:
 |   |   |- [+] [  0]
 |   |   |   |- Guid:010521254164D76F13B884B0FD9D19BD BaseClass: NativeClass:/Script/Engine.StaticMeshActor Name:StaticMeshActor_UAID_74563CC1D0D18DF501_1775657732 Label:Spike10 SpatiallyLoaded:1 Bounds:IsValid=true, Min=(X=1900.189 Y=100.189 Z=-0.000), Max=(X=1999.811 Y=199.811 Z=99.622) RuntimeGrid:None EditorOnly:0 RuntimeOnly:0 HLODRelevant:1 ListedInSceneOutliner:1 IsMainWorldOnly:0
 |   |   |- [+] [  1]
 |   |   |   |- Guid:049AE83D48C233B3D9284883F1DC669A BaseClass: NativeClass:/Script/Engine.StaticMeshActor Name:StaticMeshActor_UAID_74563CC1D0D18DF501_1768133728 Label:Spike6 SpatiallyLoaded:1 Bounds:IsValid=true, Min=(X=2300.189 Y=100.189 Z=-0.000), Max=(X=2399.811 Y=199.811 Z=99.622) RuntimeGrid:None EditorOnly:0 RuntimeOnly:0 HLODRelevant:1 ListedInSceneOutliner:1 IsMainWorldOnly:0
 |   |   |- [+] [  2]
 |   |   |   |- Guid:09133033488B3AFA22BFDAB93209BACC BaseClass:/Game/Prefabs/Wall_no_top.Wall_no_top_C NativeClass:/Script/Engine.Actor Name:Wall_no_top_C_UAID_74563CC1D0D18DF501_2037835739 Label:Wall_no_top13 SpatiallyLoaded:1 Bounds:IsValid=true, Min=(X=2198.045 Y=98.045 Z=800.000), Max=(X=2301.955 Y=201.955 Z=900.000) RuntimeGrid:None EditorOnly:0 RuntimeOnly:0 HLODRelevant:0 ListedInSceneOutliner:1 IsMainWorldOnly:0
 |   |   |- [+] [  3]
 |   |   |   |- Guid:0B205CD043EC86B03C8BBEB7A85E547F BaseClass:/Game/Prefabs/Wall_no_top.Wall_no_top_C NativeClass:/Script/Engine.Actor Name:Wall_no_top_C_UAID_74563CC1D0D18CF501_1292242532 Label:Wall_no_top2 SpatiallyLoaded:1 Bounds:IsValid=true, Min=(X=1398.045 Y=98.045 Z=100.000), Max=(X=1501.955 Y=201.955 Z=200.000) RuntimeGrid:None EditorOnly:0 RuntimeOnly:0 HLODRelevant:0 ListedInSceneOutliner:1 IsMainWorldOnly:0
 |   |   |- [+] [  4]
 |   |   |   |- Guid:16738EB846004D8BEBB200A9B97993CF BaseClass:/Game/Prefabs/JumpPad.JumpPad_C NativeClass:/Script/Engine.Actor Name:JumpPad_C_UAID_74563CC1D0D18DF501_2051269742 Label:JumpPad SpatiallyLoaded:1 Bounds:IsValid=true, Min=(X=2400.039 Y=100.024 Z=898.000), Max=(X=2500.064 Y=199.976 Z=938.000) RuntimeGrid:None EditorOnly:0 RuntimeOnly:0 HLODRelevant:0 ListedInSceneOutliner:1 IsMainWorldOnly:0
 |   |   |- [+] [  5]
 |   |   |   |- Guid:170A16E9437A75FD1804B8B8B2B39F94 BaseClass:/Game/Prefabs/Wall_no_top.Wall_no_top_C NativeClass:/Script/Engine.Actor Name:Wall_no_top_C_UAID_74563CC1D0D18CF501_1929763544 Label:Wall_no_top10 SpatiallyLoaded:1 Bounds:IsValid=true, Min=(X=1498.045 Y=98.045 Z=600.000), Max=(X=1601.955 Y=201.955 Z=700.000) RuntimeGrid:None EditorOnly:0 RuntimeOnly:0 HLODRelevant:0 ListedInSceneOutliner:1 IsMainWorldOnly:0
 |   |   |- [+] [  6]
 |   |   |   |- Guid:2522E33C4C626A4EFEAEE68C567156AC BaseClass:/Game/Prefabs/Wall_no_top.Wall_no_top_C NativeClass:/Script/Engine.Actor Name:Wall_no_top_C_UAID_74563CC1D0D18CF501_1943450545 Label:Wall_no_top11 SpatiallyLoaded:1 Bounds:IsValid=true, Min=(X=1798.045 Y=98.045 Z=700.000), Max=(X=1901.955 Y=201.955 Z=800.000) RuntimeGrid:None EditorOnly:0 RuntimeOnly:0 HLODRelevant:0 ListedInSceneOutliner:1 IsMainWorldOnly:0
 |   |   |- [+] [  7]
 |   |   |   |- Guid:2FB58999456391D349DC0F86DAC136ED BaseClass: NativeClass:/Script/Engine.SkyLight Name:SkyLight_1 Label:SkyLight SpatiallyLoaded:0 Bounds:IsValid=true, Min=(X=0.000 Y=0.000 Z=690.000), Max=(X=0.000 Y=0.000 Z=690.000) RuntimeGrid:None EditorOnly:0 RuntimeOnly:0 HLODRelevant:0 ListedInSceneOutliner:1 IsMainWorldOnly:0 FolderPath:Lighting FolderGuid:963EC3EB4002CCE9759E2EBA541A873A
 |   |   |- [+] [  8]
 |   |   |   |- Guid:316CF2A6494ACA4C0E4180A87D36AB8F BaseClass: NativeClass:/Script/Engine.ExponentialHeightFog Name:ExponentialHeightFog_0 Label:ExponentialHeightFog SpatiallyLoaded:0 Bounds:IsValid=true, Min=(X=-5600.000 Y=-50.000 Z=-6850.000), Max=(X=-5600.000 Y=-50.000 Z=-6850.000) RuntimeGrid:None EditorOnly:0 RuntimeOnly:0 HLODRelevant:0 ListedInSceneOutliner:1 IsMainWorldOnly:0 FolderPath:Lighting FolderGuid:963EC3EB4002CCE9759E2EBA541A873A
 |   |   |- [+] [  9]
 |   |   |   |- Guid:360965FB4BE030E51C380E86820454E1 BaseClass:/Game/Prefabs/Wall_no_top.Wall_no_top_C NativeClass:/Script/Engine.Actor Name:Wall_no_top_C_UAID_74563CC1D0D18CF501_1946823546 Label:Wall_no_top12 SpatiallyLoaded:1 Bounds:IsValid=true, Min=(X=2098.045 Y=98.045 Z=800.000), Max=(X=2201.955 Y=201.955 Z=900.000) RuntimeGrid:None EditorOnly:0 RuntimeOnly:0 HLODRelevant:0 ListedInSceneOutliner:1 IsMainWorldOnly:0
 |   |   |- [+] [ 10]
 |   |   |   |- Guid:38278E1847B75EAC798E24B99E5989A8 BaseClass:/Game/Prefabs/Wall_no_top.Wall_no_top_C NativeClass:/Script/Engine.Actor Name:Wall_no_top_C_UAID_74563CC1D0D18CF501_1446434541 Label:Wall_no_top9 SpatiallyLoaded:1 Bounds:IsValid=true, Min=(X=1398.045 Y=98.045 Z=1200.000), Max=(X=1501.955 Y=201.955 Z=1300.000) RuntimeGrid:None EditorOnly:0 RuntimeOnly:0 HLODRelevant:0 ListedInSceneOutliner:1 IsMainWorldOnly:0
 |   |   |- [+] [ 11]
 |   |   |   |- Guid:3A00AA1C422CE54C0BDB60BAF471BFBB BaseClass: NativeClass:/Script/Engine.PlayerStart Name:PlayerStart_0 Label:PlayerStart SpatiallyLoaded:0 Bounds:IsValid=true, Min=(X=141.464 Y=107.871 Z=0.013), Max=(X=221.464 Y=187.871 Z=184.013) RuntimeGrid:None EditorOnly:0 RuntimeOnly:0 HLODRelevant:0 ListedInSceneOutliner:1 IsMainWorldOnly:0
 |   |   |- [+] [ 12]
 |   |   |   |- Guid:404EAD55428F00F165D1DA8CA3BC44CF BaseClass:/Game/Prefabs/Spike.Spike_C NativeClass:/Script/Engine.Actor Name:Spike_C_UAID_74563CC1D0D18DF501_2005113738 Label:Spike15 SpatiallyLoaded:1 Bounds:IsValid=true, Min=(X=1000.189 Y=100.189 Z=-0.000), Max=(X=1099.811 Y=199.811 Z=99.823) RuntimeGrid:None EditorOnly:0 RuntimeOnly:0 HLODRelevant:0 ListedInSceneOutliner:1 IsMainWorldOnly:0
 |   |   |- [+] [ 13]
 |   |   |   |- Guid:41DCB5AB489B9134D888408865BD16DD BaseClass:/Game/Prefabs/Wall_no_top.Wall_no_top_C NativeClass:/Script/Engine.Actor Name:Wall_no_top_C_UAID_74563CC1D0D18CF501_1297535533 Label:Wall_no_top3 SpatiallyLoaded:1 Bounds:IsValid=true, Min=(X=1398.045 Y=98.045 Z=200.000), Max=(X=1501.955 Y=201.955 Z=300.000) RuntimeGrid:None EditorOnly:0 RuntimeOnly:0 HLODRelevant:0 ListedInSceneOutliner:1 IsMainWorldOnly:0
 |   |   |- [+] [ 14]
 |   |   |   |- Guid:43D76AEC450729C6704148AA1A78FF67 BaseClass:/Game/Prefabs/Wall_no_top.Wall_no_top_C NativeClass:/Script/Engine.Actor Name:Wall_no_top_C_UAID_74563CC1D0D18DF501_2041579741 Label:Wall_no_top15 SpatiallyLoaded:1 Bounds:IsValid=true, Min=(X=2398.045 Y=98.045 Z=800.000), Max=(X=2501.955 Y=201.955 Z=900.000) RuntimeGrid:None EditorOnly:0 RuntimeOnly:0 HLODRelevant:0 ListedInSceneOutliner:1 IsMainWorldOnly:0
 |   |   |- [+] [ 15]
 |   |   |   |- Guid:447A4DF947F071B05E345290F3C73FA0 BaseClass: NativeClass:/Script/Engine.CameraActor Name:CameraActor_UAID_74563CC1D0D137F501_1717547560 Label:CameraActor SpatiallyLoaded:1 Bounds:IsValid=true, Min=(X=1478.922 Y=4843.325 Z=739.227), Max=(X=1478.922 Y=4843.325 Z=739.227) RuntimeGrid:None EditorOnly:0 RuntimeOnly:0 HLODRelevant:0 ListedInSceneOutliner:1 IsMainWorldOnly:0
 |   |   |- [+] [ 16]
 |   |   |   |- Guid:4C94C6B746FF44E91D968095327F8704 BaseClass:/Game/Prefabs/Coin.Coin_C NativeClass:/Script/Engine.Actor Name:Coin_C_UAID_74563CC1D0D18DF501_1834173737 Label:Coin SpatiallyLoaded:1 Bounds:IsValid=true, Min=(X=1807.338 Y=126.148 Z=797.632), Max=(X=1892.662 Y=173.852 Z=906.368) RuntimeGrid:None EditorOnly:0 RuntimeOnly:0 HLODRelevant:0 ListedInSceneOutliner:1 IsMainWorldOnly:0
 |   |   |- [+] [ 17]
 |   |   |   |- Guid:4D3BE93F4146AAAC8BBE79999D96D57F BaseClass: NativeClass:/Script/Engine.VolumetricCloud Name:VolumetricCloud_0 Label:VolumetricCloud SpatiallyLoaded:0 Bounds:IsValid=true, Min=(X=0.000 Y=0.000 Z=820.000), Max=(X=0.000 Y=0.000 Z=820.000) RuntimeGrid:None EditorOnly:0 RuntimeOnly:0 HLODRelevant:0 ListedInSceneOutliner:1 IsMainWorldOnly:0 FolderPath:Lighting FolderGuid:963EC3EB4002CCE9759E2EBA541A873A
 |   |   |- [+] [ 18]
 |   |   |   |- Guid:53572BC54390C8230B267591E883D495 BaseClass:/Game/Prefabs/JumpPad_Sideway.JumpPad_Sideway_C NativeClass:/Script/Engine.Actor Name:JumpPad_Sideway_C_UAID_74563CC1D0D18CF501_1306831534 Label:JumpPad_Sideway SpatiallyLoaded:1 Bounds:IsValid=true, Min=(X=1378.757 Y=97.223 Z=97.062), Max=(X=1413.243 Y=202.777 Z=202.938) RuntimeGrid:None EditorOnly:0 RuntimeOnly:0 HLODRelevant:0 ListedInSceneOutliner:1 IsMainWorldOnly:0
 |   |   |- [+] [ 19]
 |   |   |   |- Guid:5B370DC74A39A3D2F32ADEBABCEF7595 BaseClass:/Game/Prefabs/Wall.Wall_C NativeClass:/Script/Engine.Actor Name:Wall_C_UAID_74563CC1D0D139F501_1533761913 Label:Wall SpatiallyLoaded:1 Bounds:IsValid=true, Min=(X=-1.955 Y=98.045 Z=-39.093), Max=(X=101.955 Y=201.955 Z=2039.093) RuntimeGrid:None EditorOnly:0 RuntimeOnly:0 HLODRelevant:0 ListedInSceneOutliner:1 IsMainWorldOnly:0
 |   |   |- [+] [ 20]
 |   |   |   |- Guid:5CB8C7C94AFE70973211FFBBE33F01CE BaseClass: NativeClass:/Script/Engine.StaticMeshActor Name:StaticMeshActor_UAID_74563CC1D0D18DF501_1765657726 Label:Spike4 SpatiallyLoaded:1 Bounds:IsValid=true, Min=(X=2500.189 Y=100.189 Z=-0.000), Max=(X=2599.811 Y=199.811 Z=99.622) RuntimeGrid:None EditorOnly:0 RuntimeOnly:0 HLODRelevant:1 ListedInSceneOutliner:1 IsMainWorldOnly:0
 |   |   |- [+] [ 21]
 |   |   |   |- Guid:5D61802C44A86F173C76AF98FE266740 BaseClass:/Game/Prefabs/JumpPad_Sideway.JumpPad_Sideway_C NativeClass:/Script/Engine.Actor Name:JumpPad_Sideway_C_UAID_74563CC1D0D18CF501_1467163543 Label:JumpPad_Sideway3 SpatiallyLoaded:1 Bounds:IsValid=true, Min=(X=1378.757 Y=97.223 Z=1197.062), Max=(X=1413.243 Y=202.777 Z=1302.938) RuntimeGrid:None EditorOnly:0 RuntimeOnly:0 HLODRelevant:0 ListedInSceneOutliner:1 IsMainWorldOnly:0
 |   |   |- [+] [ 22]
 |   |   |   |- Guid:6BAF4DDD444C60371492D3919DB42C97 BaseClass: NativeClass:/Script/Engine.WorldDataLayers Name:WorldDataLayers Label:WorldDataLayers SpatiallyLoaded:0 Bounds:IsValid=true, Min=(X=0.000 Y=0.000 Z=0.000), Max=(X=0.000 Y=0.000 Z=0.000) RuntimeGrid:None EditorOnly:0 RuntimeOnly:0 HLODRelevant:0 ListedInSceneOutliner:1 IsMainWorldOnly:1
 |   |   |- [+] [ 23]
 |   |   |   |- Guid:6F5ABAAE45D0204E8E0995B92FF16BD4 BaseClass:/Game/Prefabs/JumpPad_Sideway.JumpPad_Sideway_C NativeClass:/Script/Engine.Actor Name:JumpPad_Sideway_C_UAID_74563CC1D0D18DF501_2074966743 Label:JumpPad_Sideway4 SpatiallyLoaded:1 Bounds:IsValid=true, Min=(X=2878.757 Y=97.223 Z=1397.062), Max=(X=2913.243 Y=202.777 Z=1502.938) RuntimeGrid:None EditorOnly:0 RuntimeOnly:0 HLODRelevant:0 ListedInSceneOutliner:1 IsMainWorldOnly:0
 |   |   |- [+] [ 24]
 |   |   |   |- Guid:799B02E943652DB74BF305A53F605CEE BaseClass:/Game/Prefabs/Wall_no_top.Wall_no_top_C NativeClass:/Script/Engine.Actor Name:Wall_no_top_C_UAID_74563CC1D0D18CF501_1284244531 Label:Wall_no_top SpatiallyLoaded:1 Bounds:IsValid=true, Min=(X=1398.045 Y=98.045 Z=0.000), Max=(X=1501.955 Y=201.955 Z=100.000) RuntimeGrid:None EditorOnly:0 RuntimeOnly:0 HLODRelevant:0 ListedInSceneOutliner:1 IsMainWorldOnly:0
 |   |   |- [+] [ 25]
 |   |   |   |- Guid:81E35092493539A266B713B8793DF7EB BaseClass:/Game/Prefabs/Wall_no_top.Wall_no_top_C NativeClass:/Script/Engine.Actor Name:Wall_no_top_C_UAID_74563CC1D0D18CF501_1435080538 Label:Wall_no_top6 SpatiallyLoaded:1 Bounds:IsValid=true, Min=(X=898.045 Y=98.045 Z=700.000), Max=(X=1001.955 Y=201.955 Z=800.000) RuntimeGrid:None EditorOnly:0 RuntimeOnly:0 HLODRelevant:0 ListedInSceneOutliner:1 IsMainWorldOnly:0
 |   |   |- [+] [ 26]
 |   |   |   |- Guid:9313F2A448FB631C219A2A8ADD022FC2 BaseClass: NativeClass:/Script/Engine.StaticMeshActor Name:StaticMeshActor_UAID_74563CC1D0D18DF501_1775656730 Label:Spike8 SpatiallyLoaded:1 Bounds:IsValid=true, Min=(X=2100.189 Y=100.189 Z=-0.000), Max=(X=2199.811 Y=199.811 Z=99.622) RuntimeGrid:None EditorOnly:0 RuntimeOnly:0 HLODRelevant:1 ListedInSceneOutliner:1 IsMainWorldOnly:0
 |   |   |- [+] [ 27]
 |   |   |   |- Guid:9DC48A22482EDAC9C1E06D9925AD0CB6 BaseClass:/Game/Prefabs/Wall_no_top.Wall_no_top_C NativeClass:/Script/Engine.Actor Name:Wall_no_top_C_UAID_74563CC1D0D18CF501_1446433540 Label:Wall_no_top8 SpatiallyLoaded:1 Bounds:IsValid=true, Min=(X=1398.045 Y=98.045 Z=1000.000), Max=(X=1501.955 Y=201.955 Z=1100.000) RuntimeGrid:None EditorOnly:0 RuntimeOnly:0 HLODRelevant:0 ListedInSceneOutliner:1 IsMainWorldOnly:0
 |   |   |- [+] [ 28]
 |   |   |   |- Guid:A2058345470712CF237377A104E1E846 BaseClass:/Game/Prefabs/Spike.Spike_C NativeClass:/Script/Engine.Actor Name:Spike_C_UAID_74563CC1D0D18DF501_2117198744 Label:Spike16 SpatiallyLoaded:1 Bounds:IsValid=true, Min=(X=900.189 Y=100.189 Z=-0.000), Max=(X=999.811 Y=199.811 Z=99.823) RuntimeGrid:None EditorOnly:0 RuntimeOnly:0 HLODRelevant:0 ListedInSceneOutliner:1 IsMainWorldOnly:0
 |   |   |- [+] [ 29]
 |   |   |   |- Guid:A89E5679483403D9CF0988BF9E5625B2 BaseClass:/Game/Prefabs/Wall_no_top.Wall_no_top_C NativeClass:/Script/Engine.Actor Name:Wall_no_top_C_UAID_74563CC1D0D18CF501_1418034536 Label:Wall_no_top4 SpatiallyLoaded:1 Bounds:IsValid=true, Min=(X=898.045 Y=98.045 Z=600.000), Max=(X=1001.955 Y=201.955 Z=700.000) RuntimeGrid:None EditorOnly:0 RuntimeOnly:0 HLODRelevant:0 ListedInSceneOutliner:1 IsMainWorldOnly:0
 |   |   |- [+] [ 30]
 |   |   |   |- Guid:B785ED2844B84CFB91E7F39FE661CD99 BaseClass: NativeClass:/Script/Engine.DirectionalLight Name:DirectionalLight_0 Label:DirectionalLight SpatiallyLoaded:0 Bounds:IsValid=true, Min=(X=-1048576.000 Y=-1048576.000 Z=-1048576.000), Max=(X=1048576.000 Y=1048576.000 Z=1048576.000) RuntimeGrid:None EditorOnly:0 RuntimeOnly:0 HLODRelevant:0 ListedInSceneOutliner:1 IsMainWorldOnly:0 FolderPath:Lighting FolderGuid:963EC3EB4002CCE9759E2EBA541A873A
 |   |   |- [+] [ 31]
 |   |   |   |- Guid:B9A629B54FBD43348A93829205335B51 BaseClass:/Game/Prefabs/Wall_no_top.Wall_no_top_C NativeClass:/Script/Engine.Actor Name:Wall_no_top_C_UAID_74563CC1D0D18CF501_1433481537 Label:Wall_no_top5 SpatiallyLoaded:1 Bounds:IsValid=true, Min=(X=898.045 Y=98.045 Z=500.000), Max=(X=1001.955 Y=201.955 Z=600.000) RuntimeGrid:None EditorOnly:0 RuntimeOnly:0 HLODRelevant:0 ListedInSceneOutliner:1 IsMainWorldOnly:0
 |   |   |- [+] [ 32]
 |   |   |   |- Guid:BC08B79C4EA3C961CFF75EBBE83B367D BaseClass: NativeClass:/Script/Engine.StaticMeshActor Name:StaticMeshActor_5 Label:SM_Cube2 SpatiallyLoaded:1 Bounds:IsValid=true, Min=(X=0.000 Y=0.000 Z=0.000), Max=(X=3000.000 Y=100.000 Z=2000.000) RuntimeGrid:None EditorOnly:0 RuntimeOnly:0 HLODRelevant:1 ListedInSceneOutliner:1 IsMainWorldOnly:0 FolderPath:Playground FolderGuid:C73F09FC4215536B1DCE2A9E0A830C70
 |   |   |- [+] [ 33]
 |   |   |   |- Guid:BDA25C144394309341C982A85AA12F42 BaseClass: NativeClass:/Script/Engine.StaticMeshActor Name:StaticMeshActor_UAID_74563CC1D0D18DF501_1775658734 Label:Spike12 SpatiallyLoaded:1 Bounds:IsValid=true, Min=(X=1700.189 Y=100.189 Z=-0.000), Max=(X=1799.811 Y=199.811 Z=99.622) RuntimeGrid:None EditorOnly:0 RuntimeOnly:0 HLODRelevant:1 ListedInSceneOutliner:1 IsMainWorldOnly:0
 |   |   |- [+] [ 34]
 |   |   |   |- Guid:C89F755444C482690D1792BA4F0F8EE2 BaseClass:/Game/Prefabs/Wall.Wall_C NativeClass:/Script/Engine.Actor Name:Wall_C_UAID_74563CC1D0D13AF501_1591445090 Label:Wall2 SpatiallyLoaded:1 Bounds:IsValid=true, Min=(X=2898.045 Y=98.045 Z=-39.093), Max=(X=3001.955 Y=201.955 Z=2039.093) RuntimeGrid:None EditorOnly:0 RuntimeOnly:0 HLODRelevant:0 ListedInSceneOutliner:1 IsMainWorldOnly:0
 |   |   |- [+] [ 35]
 |   |   |   |- Guid:CCFF262C46EEFFDF319E7F9539CE697E BaseClass: NativeClass:/Script/Engine.SkyAtmosphere Name:SkyAtmosphere_0 Label:SkyAtmosphere SpatiallyLoaded:0 Bounds:IsValid=true, Min=(X=0.000 Y=0.000 Z=1020.000), Max=(X=0.000 Y=0.000 Z=1020.000) RuntimeGrid:None EditorOnly:0 RuntimeOnly:0 HLODRelevant:0 ListedInSceneOutliner:1 IsMainWorldOnly:0 FolderPath:Lighting FolderGuid:963EC3EB4002CCE9759E2EBA541A873A
 |   |   |- [+] [ 36]
 |   |   |   |- Guid:DC135F9E4FC109A159C400872AA71E18 BaseClass: NativeClass:/Script/Engine.StaticMeshActor Name:StaticMeshActor_UAID_74563CC1D0D18DF501_1785234736 Label:Spike14 SpatiallyLoaded:1 Bounds:IsValid=true, Min=(X=1500.189 Y=100.189 Z=-0.000), Max=(X=1599.811 Y=199.811 Z=99.622) RuntimeGrid:None EditorOnly:0 RuntimeOnly:0 HLODRelevant:1 ListedInSceneOutliner:1 IsMainWorldOnly:0
 |   |   |- [+] [ 37]
 |   |   |   |- Guid:DCEAB4A7437B9EC326E089A25E4F1658 BaseClass:/Game/Prefabs/Wall_no_top.Wall_no_top_C NativeClass:/Script/Engine.Actor Name:Wall_no_top_C_UAID_74563CC1D0D18CF501_1446431539 Label:Wall_no_top7 SpatiallyLoaded:1 Bounds:IsValid=true, Min=(X=1398.045 Y=98.045 Z=1100.000), Max=(X=1501.955 Y=201.955 Z=1200.000) RuntimeGrid:None EditorOnly:0 RuntimeOnly:0 HLODRelevant:0 ListedInSceneOutliner:1 IsMainWorldOnly:0
 |   |   |- [+] [ 38]
 |   |   |   |- Guid:E1C087A645398EF27185B381C818CCA9 BaseClass: NativeClass:/Script/Engine.StaticMeshActor Name:StaticMeshActor_UAID_74563CC1D0D18DF501_1759594724 Label:Spike2 SpatiallyLoaded:1 Bounds:IsValid=true, Min=(X=2700.189 Y=100.189 Z=-0.000), Max=(X=2799.811 Y=199.811 Z=99.622) RuntimeGrid:None EditorOnly:0 RuntimeOnly:0 HLODRelevant:1 ListedInSceneOutliner:1 IsMainWorldOnly:0
 |   |   |- [+] [ 39]
 |   |   |   |- Guid:E7E4754E48D456C23509CA96ABDD8605 BaseClass:/Game/Prefabs/JumpPad_Sideway.JumpPad_Sideway_C NativeClass:/Script/Engine.Actor Name:JumpPad_Sideway_C_UAID_74563CC1D0D18CF501_1464499542 Label:JumpPad_Sideway2 SpatiallyLoaded:1 Bounds:IsValid=true, Min=(X=986.757 Y=97.223 Z=497.062), Max=(X=1021.243 Y=202.777 Z=602.938) RuntimeGrid:None EditorOnly:0 RuntimeOnly:0 HLODRelevant:0 ListedInSceneOutliner:1 IsMainWorldOnly:0
 |   |   |- [+] [ 40]
 |   |   |   |- Guid:EC4E0C944CE6AC6E784BC6BB2916EA13 BaseClass: NativeClass:/Script/Engine.StaticMeshActor Name:StaticMeshActor_UAID_A4AE111137DC5EFB00_1110535423 Label:SM_SkySphere SpatiallyLoaded:0 Bounds:IsValid=true, Min=(X=-1638400.000 Y=-1638400.000 Z=-40960.000), Max=(X=1638400.000 Y=1638400.000 Z=40960.000) RuntimeGrid:None EditorOnly:0 RuntimeOnly:0 HLODRelevant:1 ListedInSceneOutliner:1 IsMainWorldOnly:0 FolderPath:Lighting FolderGuid:963EC3EB4002CCE9759E2EBA541A873A
 |   |   |- [+] [ 41]
 |   |   |   |- Guid:F1924B8D48954B30891B2DB6A694F9CC BaseClass: NativeClass:/Script/Engine.StaticMeshActor Name:StaticMeshActor_1 Label:SM_Cube SpatiallyLoaded:1 Bounds:IsValid=true, Min=(X=0.000 Y=0.000 Z=-50.000), Max=(X=3000.000 Y=200.000 Z=0.000) RuntimeGrid:None EditorOnly:0 RuntimeOnly:0 HLODRelevant:1 ListedInSceneOutliner:1 IsMainWorldOnly:0 FolderPath:Playground FolderGuid:C73F09FC4215536B1DCE2A9E0A830C70
 |   |   |- [+] [ 42]
 |   |   |   |- Guid:F5E3FEB3450C49844FD93DA8E083C8AD BaseClass: NativeClass:/Script/Engine.PostProcessVolume Name:PostProcessVolume_0 Label:PostProcessVolume SpatiallyLoaded:0 Bounds:IsValid=true, Min=(X=0.000 Y=0.000 Z=-250.000), Max=(X=200.000 Y=200.000 Z=-50.000) RuntimeGrid:None EditorOnly:0 RuntimeOnly:0 HLODRelevant:0 ListedInSceneOutliner:1 IsMainWorldOnly:0 FolderPath:Lighting FolderGuid:963EC3EB4002CCE9759E2EBA541A873A
 |   |   |- [+] [ 43]
 |   |   |   |- Guid:FEE686D74526568F239611A43480AA61 BaseClass:/Game/Prefabs/Wall_no_top.Wall_no_top_C NativeClass:/Script/Engine.Actor Name:Wall_no_top_C_UAID_74563CC1D0D18DF501_2039902740 Label:Wall_no_top14 SpatiallyLoaded:1 Bounds:IsValid=true, Min=(X=2298.045 Y=98.045 Z=800.000), Max=(X=2401.955 Y=201.955 Z=900.000) RuntimeGrid:None EditorOnly:0 RuntimeOnly:0 HLODRelevant:0 ListedInSceneOutliner:1 IsMainWorldOnly:0
 |- ContainerInstances:
 |- [+] MainContainer:
 |   |-        ID: 00000000000000000000000000000000
 |   |-  ParentID: 00000000000000000000000000000000
 |   |-    Bounds: IsValid=false, Min=(X=0.000 Y=0.000 Z=0.000), Max=(X=0.000 Y=0.000 Z=0.000)
 |   |- Transform: 0.000000,0.000000,0.000000|0.000000,0.000000,-0.000000|1.000000,1.000000,1.000000
 |   |- Container: /Game/ThirdPerson/Maps/ThirdPersonMap
----------------------------------------------------------------------------------------------------------------
ThirdPersonMap - Persistent Level
----------------------------------------------------------------------------------------------------------------
[+] Content of ThirdPersonMap Persistent Level
 |- Always loaded Actor Count: 51 
 |- Actor Path: /Game/ThirdPerson/Maps/ThirdPersonMap.ThirdPersonMap:PersistentLevel.AbstractNavData-Default
 |- Actor Package: /Game/ThirdPerson/Maps/ThirdPersonMap
 |- Actor Path: /Game/ThirdPerson/Maps/ThirdPersonMap.ThirdPersonMap:PersistentLevel.Brush_0
 |- Actor Package: /Game/ThirdPerson/Maps/ThirdPersonMap
 |- Actor Path: /Game/ThirdPerson/Maps/ThirdPersonMap.ThirdPersonMap:PersistentLevel.CameraActor_UAID_74563CC1D0D137F501_1717547560
 |- Actor Package: /Game/__ExternalActors__/ThirdPerson/Maps/ThirdPersonMap/0/4R/KIMWGW4RNYDIR5RQQ4W1BZ
 |- Actor Path: /Game/ThirdPerson/Maps/ThirdPersonMap.ThirdPersonMap:PersistentLevel.Coin_C_UAID_74563CC1D0D18DF501_1834173737
 |- Actor Package: /Game/__ExternalActors__/ThirdPerson/Maps/ThirdPersonMap/0/5Z/L929IBMT3Y99FN9US5H4NI
 |- Actor Path: /Game/ThirdPerson/Maps/ThirdPersonMap.ThirdPersonMap:PersistentLevel.DefaultPhysicsVolume_0
 |- Actor Package: /Game/ThirdPerson/Maps/ThirdPersonMap
 |- Actor Path: /Game/ThirdPerson/Maps/ThirdPersonMap.ThirdPersonMap:PersistentLevel.DirectionalLight_0
 |- Actor Package: /Game/__ExternalActors__/ThirdPerson/Maps/ThirdPersonMap/5/R1/TS5OQ5CRUWFZYL1ZQ7I416
 |- Actor Path: /Game/ThirdPerson/Maps/ThirdPersonMap.ThirdPersonMap:PersistentLevel.ExponentialHeightFog_0
 |- Actor Package: /Game/__ExternalActors__/ThirdPerson/Maps/ThirdPersonMap/6/J7/N10XDC9G27EMLS5AGZ6AVV
 |- Actor Path: /Game/ThirdPerson/Maps/ThirdPersonMap.ThirdPersonMap:PersistentLevel.GameplayDebuggerPlayerManager_0
 |- Actor Package: /Game/ThirdPerson/Maps/ThirdPersonMap
 |- Actor Path: /Game/ThirdPerson/Maps/ThirdPersonMap.ThirdPersonMap:PersistentLevel.JumpPad_C_UAID_74563CC1D0D18DF501_2051269742
 |- Actor Package: /Game/__ExternalActors__/ThirdPerson/Maps/ThirdPersonMap/A/CF/NJNB4VQ6YRKRPBUEXM9IA5
 |- Actor Path: /Game/ThirdPerson/Maps/ThirdPersonMap.ThirdPersonMap:PersistentLevel.JumpPad_Sideway_C_UAID_74563CC1D0D18CF501_1306831534
 |- Actor Package: /Game/__ExternalActors__/ThirdPerson/Maps/ThirdPersonMap/7/VN/T1HM4E1VUJ013S2F89JA8H
 |- Actor Path: /Game/ThirdPerson/Maps/ThirdPersonMap.ThirdPersonMap:PersistentLevel.JumpPad_Sideway_C_UAID_74563CC1D0D18CF501_1464499542
 |- Actor Package: /Game/__ExternalActors__/ThirdPerson/Maps/ThirdPersonMap/D/1U/WFDT0PUYV3G7RATMGIT7PH
 |- Actor Path: /Game/ThirdPerson/Maps/ThirdPersonMap.ThirdPersonMap:PersistentLevel.JumpPad_Sideway_C_UAID_74563CC1D0D18CF501_1467163543
 |- Actor Package: /Game/__ExternalActors__/ThirdPerson/Maps/ThirdPersonMap/D/V1/AWVUZQNI8PXP49TN85W9OY
 |- Actor Path: /Game/ThirdPerson/Maps/ThirdPersonMap.ThirdPersonMap:PersistentLevel.JumpPad_Sideway_C_UAID_74563CC1D0D18DF501_2074966743
 |- Actor Package: /Game/__ExternalActors__/ThirdPerson/Maps/ThirdPersonMap/D/KO/PDSMA41VCMAWLCQY4CHBAH
 |- Actor Path: /Game/ThirdPerson/Maps/ThirdPersonMap.ThirdPersonMap:PersistentLevel.PlayerStart_0
 |- Actor Package: /Game/__ExternalActors__/ThirdPerson/Maps/ThirdPersonMap/D/DE/SWSI13675DVYIZ0N4NF7Y3
 |- Actor Path: /Game/ThirdPerson/Maps/ThirdPersonMap.ThirdPersonMap:PersistentLevel.PostProcessVolume_0
 |- Actor Package: /Game/__ExternalActors__/ThirdPerson/Maps/ThirdPersonMap/1/AZ/A7GPT109Y6ZTTJD4A7TXER
 |- Actor Path: /Game/ThirdPerson/Maps/ThirdPersonMap.ThirdPersonMap:PersistentLevel.SkyAtmosphere_0
 |- Actor Package: /Game/__ExternalActors__/ThirdPerson/Maps/ThirdPersonMap/4/LN/30UBDLYFFA5ZR7U4W4L4GG
 |- Actor Path: /Game/ThirdPerson/Maps/ThirdPersonMap.ThirdPersonMap:PersistentLevel.SkyLight_1
 |- Actor Package: /Game/__ExternalActors__/ThirdPerson/Maps/ThirdPersonMap/8/S1/DXUWD12MD3HRWVVXX076BY
 |- Actor Path: /Game/ThirdPerson/Maps/ThirdPersonMap.ThirdPersonMap:PersistentLevel.Spike_C_UAID_74563CC1D0D18DF501_2005113738
 |- Actor Package: /Game/__ExternalActors__/ThirdPerson/Maps/ThirdPersonMap/3/YH/D0TPXEGY3BG57RG2TMFMY8
 |- Actor Path: /Game/ThirdPerson/Maps/ThirdPersonMap.ThirdPersonMap:PersistentLevel.Spike_C_UAID_74563CC1D0D18DF501_2117198744
 |- Actor Package: /Game/__ExternalActors__/ThirdPerson/Maps/ThirdPersonMap/0/TW/NRJM2NDOKR14X1BQPZ7C1H
 |- Actor Path: /Game/ThirdPerson/Maps/ThirdPersonMap.ThirdPersonMap:PersistentLevel.StaticMeshActor_1
 |- Actor Package: /Game/__ExternalActors__/ThirdPerson/Maps/ThirdPersonMap/6/YO/NG2R9BPZVA7ZDN0Z4VSTG6
 |- Actor Path: /Game/ThirdPerson/Maps/ThirdPersonMap.ThirdPersonMap:PersistentLevel.StaticMeshActor_5
 |- Actor Package: /Game/__ExternalActors__/ThirdPerson/Maps/ThirdPersonMap/C/QF/BY1DA5CRGQSAMOTK8RA8KR
 |- Actor Path: /Game/ThirdPerson/Maps/ThirdPersonMap.ThirdPersonMap:PersistentLevel.StaticMeshActor_UAID_74563CC1D0D18DF501_1759594724
 |- Actor Package: /Game/__ExternalActors__/ThirdPerson/Maps/ThirdPersonMap/7/Q8/0IUN3TW9WGCAKO7YPTAE6H
 |- Actor Path: /Game/ThirdPerson/Maps/ThirdPersonMap.ThirdPersonMap:PersistentLevel.StaticMeshActor_UAID_74563CC1D0D18DF501_1765657726
 |- Actor Package: /Game/__ExternalActors__/ThirdPerson/Maps/ThirdPersonMap/2/I4/7OCWEPDPZW3GKGGUCE87MN
 |- Actor Path: /Game/ThirdPerson/Maps/ThirdPersonMap.ThirdPersonMap:PersistentLevel.StaticMeshActor_UAID_74563CC1D0D18DF501_1768133728
 |- Actor Package: /Game/__ExternalActors__/ThirdPerson/Maps/ThirdPersonMap/9/36/UD1MUT9AMEZ0D8IAGHGSQL
 |- Actor Path: /Game/ThirdPerson/Maps/ThirdPersonMap.ThirdPersonMap:PersistentLevel.StaticMeshActor_UAID_74563CC1D0D18DF501_1775656730
 |- Actor Package: /Game/__ExternalActors__/ThirdPerson/Maps/ThirdPersonMap/D/51/UZQUVT90PPTVYQGIDU5K4U
 |- Actor Path: /Game/ThirdPerson/Maps/ThirdPersonMap.ThirdPersonMap:PersistentLevel.StaticMeshActor_UAID_74563CC1D0D18DF501_1775657732
 |- Actor Package: /Game/__ExternalActors__/ThirdPerson/Maps/ThirdPersonMap/8/RR/T952Q8MP647MYE9GFAZJG1
 |- Actor Path: /Game/ThirdPerson/Maps/ThirdPersonMap.ThirdPersonMap:PersistentLevel.StaticMeshActor_UAID_74563CC1D0D18DF501_1775658734
 |- Actor Package: /Game/__ExternalActors__/ThirdPerson/Maps/ThirdPersonMap/E/ZN/SUJMRS7817MMMG6XYQSDPR
 |- Actor Path: /Game/ThirdPerson/Maps/ThirdPersonMap.ThirdPersonMap:PersistentLevel.StaticMeshActor_UAID_74563CC1D0D18DF501_1785234736
 |- Actor Package: /Game/__ExternalActors__/ThirdPerson/Maps/ThirdPersonMap/A/KT/7SABUSJIWTL2IGYRUAH97Q
 |- Actor Path: /Game/ThirdPerson/Maps/ThirdPersonMap.ThirdPersonMap:PersistentLevel.StaticMeshActor_UAID_A4AE111137DC5EFB00_1110535423
 |- Actor Package: /Game/__ExternalActors__/ThirdPerson/Maps/ThirdPersonMap/4/PN/2QISIGK5DJNQ05US8O8FXW
 |- Actor Path: /Game/ThirdPerson/Maps/ThirdPersonMap.ThirdPersonMap:PersistentLevel.ThirdPersonExampleMap_C_0
 |- Actor Package: /Game/ThirdPerson/Maps/ThirdPersonMap
 |- Actor Path: /Game/ThirdPerson/Maps/ThirdPersonMap.ThirdPersonMap:PersistentLevel.VolumetricCloud_0
 |- Actor Package: /Game/__ExternalActors__/ThirdPerson/Maps/ThirdPersonMap/3/EY/87SHEJN5UBEAN2K5OV1G6R
 |- Actor Path: /Game/ThirdPerson/Maps/ThirdPersonMap.ThirdPersonMap:PersistentLevel.Wall_C_UAID_74563CC1D0D139F501_1533761913
 |- Actor Package: /Game/__ExternalActors__/ThirdPerson/Maps/ThirdPersonMap/1/JZ/OLSUGTUB1U6O8AV78RQ0N1
 |- Actor Path: /Game/ThirdPerson/Maps/ThirdPersonMap.ThirdPersonMap:PersistentLevel.Wall_C_UAID_74563CC1D0D13AF501_1591445090
 |- Actor Package: /Game/__ExternalActors__/ThirdPerson/Maps/ThirdPersonMap/0/U3/8OT3T0OIRQQSOPDLT4MM53
 |- Actor Path: /Game/ThirdPerson/Maps/ThirdPersonMap.ThirdPersonMap:PersistentLevel.Wall_no_top_C_UAID_74563CC1D0D18CF501_1284244531
 |- Actor Package: /Game/__ExternalActors__/ThirdPerson/Maps/ThirdPersonMap/4/YA/4VS332QFYDC08X6BPLU5FB
 |- Actor Path: /Game/ThirdPerson/Maps/ThirdPersonMap.ThirdPersonMap:PersistentLevel.Wall_no_top_C_UAID_74563CC1D0D18CF501_1292242532
 |- Actor Package: /Game/__ExternalActors__/ThirdPerson/Maps/ThirdPersonMap/1/NZ/TECWPODYXNOO6DAAJBDD5M
 |- Actor Path: /Game/ThirdPerson/Maps/ThirdPersonMap.ThirdPersonMap:PersistentLevel.Wall_no_top_C_UAID_74563CC1D0D18CF501_1297535533
 |- Actor Package: /Game/__ExternalActors__/ThirdPerson/Maps/ThirdPersonMap/A/KH/PZL08E0YS1U7TL27THT83G
 |- Actor Path: /Game/ThirdPerson/Maps/ThirdPersonMap.ThirdPersonMap:PersistentLevel.Wall_no_top_C_UAID_74563CC1D0D18CF501_1418034536
 |- Actor Package: /Game/__ExternalActors__/ThirdPerson/Maps/ThirdPersonMap/C/B5/U752OFJU45GG2TDRG5Z876
 |- Actor Path: /Game/ThirdPerson/Maps/ThirdPersonMap.ThirdPersonMap:PersistentLevel.Wall_no_top_C_UAID_74563CC1D0D18CF501_1433481537
 |- Actor Package: /Game/__ExternalActors__/ThirdPerson/Maps/ThirdPersonMap/D/AK/ZDIU5NCTM701QFY9NC6QL7
 |- Actor Path: /Game/ThirdPerson/Maps/ThirdPersonMap.ThirdPersonMap:PersistentLevel.Wall_no_top_C_UAID_74563CC1D0D18CF501_1435080538
 |- Actor Package: /Game/__ExternalActors__/ThirdPerson/Maps/ThirdPersonMap/4/OW/SURW121L77BRMWNAO3ZTWZ
 |- Actor Path: /Game/ThirdPerson/Maps/ThirdPersonMap.ThirdPersonMap:PersistentLevel.Wall_no_top_C_UAID_74563CC1D0D18CF501_1446431539
 |- Actor Package: /Game/__ExternalActors__/ThirdPerson/Maps/ThirdPersonMap/5/CP/AA42X59JWWZ0E03J2GVTDL
 |- Actor Path: /Game/ThirdPerson/Maps/ThirdPersonMap.ThirdPersonMap:PersistentLevel.Wall_no_top_C_UAID_74563CC1D0D18CF501_1446433540
 |- Actor Package: /Game/__ExternalActors__/ThirdPerson/Maps/ThirdPersonMap/9/OV/GTQ2Y9HZ63D6S60QAZWXF8
 |- Actor Path: /Game/ThirdPerson/Maps/ThirdPersonMap.ThirdPersonMap:PersistentLevel.Wall_no_top_C_UAID_74563CC1D0D18CF501_1446434541
 |- Actor Package: /Game/__ExternalActors__/ThirdPerson/Maps/ThirdPersonMap/5/FT/VKB11CKMJDERYE565EH4Y0
 |- Actor Path: /Game/ThirdPerson/Maps/ThirdPersonMap.ThirdPersonMap:PersistentLevel.Wall_no_top_C_UAID_74563CC1D0D18CF501_1929763544
 |- Actor Package: /Game/__ExternalActors__/ThirdPerson/Maps/ThirdPersonMap/5/S6/33E80WOBJ4RXXRJ9D5Z6BF
 |- Actor Path: /Game/ThirdPerson/Maps/ThirdPersonMap.ThirdPersonMap:PersistentLevel.Wall_no_top_C_UAID_74563CC1D0D18CF501_1943450545
 |- Actor Package: /Game/__ExternalActors__/ThirdPerson/Maps/ThirdPersonMap/7/TP/YAWNAA2JI2LF18CTW3KHTZ
 |- Actor Path: /Game/ThirdPerson/Maps/ThirdPersonMap.ThirdPersonMap:PersistentLevel.Wall_no_top_C_UAID_74563CC1D0D18CF501_1946823546
 |- Actor Package: /Game/__ExternalActors__/ThirdPerson/Maps/ThirdPersonMap/6/54/62BPDGX9ZOZGM8CBYYM7M8
 |- Actor Path: /Game/ThirdPerson/Maps/ThirdPersonMap.ThirdPersonMap:PersistentLevel.Wall_no_top_C_UAID_74563CC1D0D18DF501_2037835739
 |- Actor Package: /Game/__ExternalActors__/ThirdPerson/Maps/ThirdPersonMap/B/OM/VIW36LGFBPDZ36MYSFEE3U
 |- Actor Path: /Game/ThirdPerson/Maps/ThirdPersonMap.ThirdPersonMap:PersistentLevel.Wall_no_top_C_UAID_74563CC1D0D18DF501_2039902740
 |- Actor Package: /Game/__ExternalActors__/ThirdPerson/Maps/ThirdPersonMap/2/05/N6T26J7CH15EIMN6Z73TIF
 |- Actor Path: /Game/ThirdPerson/Maps/ThirdPersonMap.ThirdPersonMap:PersistentLevel.Wall_no_top_C_UAID_74563CC1D0D18DF501_2041579741
 |- Actor Package: /Game/__ExternalActors__/ThirdPerson/Maps/ThirdPersonMap/7/EO/DZMS9NAJTKP66MG83OXN09
 |- Actor Path: /Game/ThirdPerson/Maps/ThirdPersonMap.ThirdPersonMap:PersistentLevel.WorldDataLayers
 |- Actor Package: /Game/__ExternalActors__/ThirdPerson/Maps/ThirdPersonMap/0/43/HYQWORMY4JDQ5X3OKZXFLC
 |- Actor Path: /Game/ThirdPerson/Maps/ThirdPersonMap.ThirdPersonMap:PersistentLevel.WorldInfo_0
 |- Actor Package: /Game/ThirdPerson/Maps/ThirdPersonMap
 |- Actor Path: /Game/ThirdPerson/Maps/ThirdPersonMap.ThirdPersonMap:PersistentLevel.WorldPartitionMiniMap_0
 |- Actor Package: /Game/__ExternalActors__/ThirdPerson/Maps/ThirdPersonMap/E/FR/LBG6LPN5JCL3FMVSI2CK6R

----------------------------------------------------------------------------------------------------------------
ThirdPersonMap - Runtime Spatial Hash - Streaming Grid - MainGrid
----------------------------------------------------------------------------------------------------------------
            Origin: X=0.000 Y=0.000 Z=0.000
         Cell Size: 12800
      World Bounds: IsValid=false, Min=(X=0.000 Y=0.000 Z=0.000), Max=(X=0.000 Y=0.000 Z=0.000)
     Loading Range: 25600.00
Block Slow Loading: No
 ClientOnlyVisible: No
            Origin: X=0.000 Y=0.000 Z=0.000

[+] Grid Levels: 1
 |- Level  0: Cell Count    0 | Cell Size   12800 | Actor Count    0 (0.0%)

[+] Content of Grid Level 0

