[+] Containers:
 |- [+] Container: /Game/ThirdPerson/Maps/ThirdPersonMap
 |   |- [+] ActorDescs:
 |   |   |- Guid:0B205CD043EC86B03C8BBEB7A85E547F BaseClass:/Game/Prefabs/Wall_no_top.Wall_no_top_C NativeClass:/Script/Engine.Actor Name:Wall_no_top_C_UAID_74563CC1D0D18CF501_1292242532 Label:Wall_no_top2 SpatiallyLoaded:1 Bounds:IsValid=true, Min=(X=1398.045 Y=98.045 Z=100.000), Max=(X=1501.955 Y=201.955 Z=200.000) RuntimeGrid:None EditorOnly:0 RuntimeOnly:0 HLODRelevant:0 ListedInSceneOutliner:1 IsMainWorldOnly:0
 |   |   |- Guid:2FB58999456391D349DC0F86DAC136ED BaseClass: NativeClass:/Script/Engine.SkyLight Name:SkyLight_1 Label:SkyLight SpatiallyLoaded:0 Bounds:IsValid=true, Min=(X=0.000 Y=0.000 Z=690.000), Max=(X=0.000 Y=0.000 Z=690.000) RuntimeGrid:None EditorOnly:0 RuntimeOnly:0 HLODRelevant:0 ListedInSceneOutliner:1 IsMainWorldOnly:0 FolderPath:Lighting FolderGuid:963EC3EB4002CCE9759E2EBA541A873A
 |   |   |- Guid:316CF2A6494ACA4C0E4180A87D36AB8F BaseClass: NativeClass:/Script/Engine.ExponentialHeightFog Name:ExponentialHeightFog_0 Label:ExponentialHeightFog SpatiallyLoaded:0 Bounds:IsValid=true, Min=(X=-5600.000 Y=-50.000 Z=-6850.000), Max=(X=-5600.000 Y=-50.000 Z=-6850.000) RuntimeGrid:None EditorOnly:0 RuntimeOnly:0 HLODRelevant:0 ListedInSceneOutliner:1 IsMainWorldOnly:0 FolderPath:Lighting FolderGuid:963EC3EB4002CCE9759E2EBA541A873A
 |   |   |- Guid:38278E1847B75EAC798E24B99E5989A8 BaseClass:/Game/Prefabs/Wall_no_top.Wall_no_top_C NativeClass:/Script/Engine.Actor Name:Wall_no_top_C_UAID_74563CC1D0D18CF501_1446434541 Label:Wall_no_top9 SpatiallyLoaded:1 Bounds:IsValid=true, Min=(X=1398.045 Y=98.045 Z=1200.000), Max=(X=1501.955 Y=201.955 Z=1300.000) RuntimeGrid:None EditorOnly:0 RuntimeOnly:0 HLODRelevant:0 ListedInSceneOutliner:1 IsMainWorldOnly:0
 |   |   |- Guid:3A00AA1C422CE54C0BDB60BAF471BFBB BaseClass: NativeClass:/Script/Engine.PlayerStart Name:PlayerStart_0 Label:PlayerStart SpatiallyLoaded:0 Bounds:IsValid=true, Min=(X=141.464 Y=107.871 Z=0.013), Max=(X=221.464 Y=187.871 Z=184.013) RuntimeGrid:None EditorOnly:0 RuntimeOnly:0 HLODRelevant:0 ListedInSceneOutliner:1 IsMainWorldOnly:0
 |   |   |- Guid:41DCB5AB489B9134D888408865BD16DD BaseClass:/Game/Prefabs/Wall_no_top.Wall_no_top_C NativeClass:/Script/Engine.Actor Name:Wall_no_top_C_UAID_74563CC1D0D18CF501_1297535533 Label:Wall_no_top3 SpatiallyLoaded:1 Bounds:IsValid=true, Min=(X=1398.045 Y=98.045 Z=200.000), Max=(X=1501.955 Y=201.955 Z=300.000) RuntimeGrid:None EditorOnly:0 RuntimeOnly:0 HLODRelevant:0 ListedInSceneOutliner:1 IsMainWorldOnly:0
 |   |   |- Guid:447A4DF947F071B05E345290F3C73FA0 BaseClass: NativeClass:/Script/Engine.CameraActor Name:CameraActor_UAID_74563CC1D0D137F501_1717547560 Label:CameraActor SpatiallyLoaded:1 Bounds:IsValid=true, Min=(X=1478.922 Y=4843.325 Z=739.227), Max=(X=1478.922 Y=4843.325 Z=739.227) RuntimeGrid:None EditorOnly:0 RuntimeOnly:0 HLODRelevant:0 ListedInSceneOutliner:1 IsMainWorldOnly:0
 |   |   |- Guid:4D3BE93F4146AAAC8BBE79999D96D57F BaseClass: NativeClass:/Script/Engine.VolumetricCloud Name:VolumetricCloud_0 Label:VolumetricCloud SpatiallyLoaded:0 Bounds:IsValid=true, Min=(X=0.000 Y=0.000 Z=820.000), Max=(X=0.000 Y=0.000 Z=820.000) RuntimeGrid:None EditorOnly:0 RuntimeOnly:0 HLODRelevant:0 ListedInSceneOutliner:1 IsMainWorldOnly:0 FolderPath:Lighting FolderGuid:963EC3EB4002CCE9759E2EBA541A873A
 |   |   |- Guid:53572BC54390C8230B267591E883D495 BaseClass:/Game/Prefabs/JumpPad_Sideway.JumpPad_Sideway_C NativeClass:/Script/Engine.Actor Name:JumpPad_Sideway_C_UAID_74563CC1D0D18CF501_1306831534 Label:JumpPad_Sideway SpatiallyLoaded:1 Bounds:IsValid=true, Min=(X=1378.757 Y=97.223 Z=97.062), Max=(X=1413.243 Y=202.777 Z=202.938) RuntimeGrid:None EditorOnly:0 RuntimeOnly:0 HLODRelevant:0 ListedInSceneOutliner:1 IsMainWorldOnly:0
 |   |   |- Guid:5B370DC74A39A3D2F32ADEBABCEF7595 BaseClass:/Game/Prefabs/Wall.Wall_C NativeClass:/Script/Engine.Actor Name:Wall_C_UAID_74563CC1D0D139F501_1533761913 Label:Wall SpatiallyLoaded:1 Bounds:IsValid=true, Min=(X=-1.955 Y=98.045 Z=-39.093), Max=(X=101.955 Y=201.955 Z=2039.093) RuntimeGrid:None EditorOnly:0 RuntimeOnly:0 HLODRelevant:0 ListedInSceneOutliner:1 IsMainWorldOnly:0
 |   |   |- Guid:5D61802C44A86F173C76AF98FE266740 BaseClass:/Game/Prefabs/JumpPad_Sideway.JumpPad_Sideway_C NativeClass:/Script/Engine.Actor Name:JumpPad_Sideway_C_UAID_74563CC1D0D18CF501_1467163543 Label:JumpPad_Sideway3 SpatiallyLoaded:1 Bounds:IsValid=true, Min=(X=1378.757 Y=97.223 Z=1197.062), Max=(X=1413.243 Y=202.777 Z=1302.938) RuntimeGrid:None EditorOnly:0 RuntimeOnly:0 HLODRelevant:0 ListedInSceneOutliner:1 IsMainWorldOnly:0
 |   |   |- Guid:6BAF4DDD444C60371492D3919DB42C97 BaseClass: NativeClass:/Script/Engine.WorldDataLayers Name:WorldDataLayers Label:WorldDataLayers SpatiallyLoaded:0 Bounds:IsValid=true, Min=(X=0.000 Y=0.000 Z=0.000), Max=(X=0.000 Y=0.000 Z=0.000) RuntimeGrid:None EditorOnly:0 RuntimeOnly:0 HLODRelevant:0 ListedInSceneOutliner:1 IsMainWorldOnly:1
 |   |   |- Guid:799B02E943652DB74BF305A53F605CEE BaseClass:/Game/Prefabs/Wall_no_top.Wall_no_top_C NativeClass:/Script/Engine.Actor Name:Wall_no_top_C_UAID_74563CC1D0D18CF501_1284244531 Label:Wall_no_top SpatiallyLoaded:1 Bounds:IsValid=true, Min=(X=1398.045 Y=98.045 Z=0.000), Max=(X=1501.955 Y=201.955 Z=100.000) RuntimeGrid:None EditorOnly:0 RuntimeOnly:0 HLODRelevant:0 ListedInSceneOutliner:1 IsMainWorldOnly:0
 |   |   |- Guid:81E35092493539A266B713B8793DF7EB BaseClass:/Game/Prefabs/Wall_no_top.Wall_no_top_C NativeClass:/Script/Engine.Actor Name:Wall_no_top_C_UAID_74563CC1D0D18CF501_1435080538 Label:Wall_no_top6 SpatiallyLoaded:1 Bounds:IsValid=true, Min=(X=898.045 Y=98.045 Z=700.000), Max=(X=1001.955 Y=201.955 Z=800.000) RuntimeGrid:None EditorOnly:0 RuntimeOnly:0 HLODRelevant:0 ListedInSceneOutliner:1 IsMainWorldOnly:0
 |   |   |- Guid:9DC48A22482EDAC9C1E06D9925AD0CB6 BaseClass:/Game/Prefabs/Wall_no_top.Wall_no_top_C NativeClass:/Script/Engine.Actor Name:Wall_no_top_C_UAID_74563CC1D0D18CF501_1446433540 Label:Wall_no_top8 SpatiallyLoaded:1 Bounds:IsValid=true, Min=(X=1398.045 Y=98.045 Z=1000.000), Max=(X=1501.955 Y=201.955 Z=1100.000) RuntimeGrid:None EditorOnly:0 RuntimeOnly:0 HLODRelevant:0 ListedInSceneOutliner:1 IsMainWorldOnly:0
 |   |   |- Guid:A89E5679483403D9CF0988BF9E5625B2 BaseClass:/Game/Prefabs/Wall_no_top.Wall_no_top_C NativeClass:/Script/Engine.Actor Name:Wall_no_top_C_UAID_74563CC1D0D18CF501_1418034536 Label:Wall_no_top4 SpatiallyLoaded:1 Bounds:IsValid=true, Min=(X=898.045 Y=98.045 Z=600.000), Max=(X=1001.955 Y=201.955 Z=700.000) RuntimeGrid:None EditorOnly:0 RuntimeOnly:0 HLODRelevant:0 ListedInSceneOutliner:1 IsMainWorldOnly:0
 |   |   |- Guid:B785ED2844B84CFB91E7F39FE661CD99 BaseClass: NativeClass:/Script/Engine.DirectionalLight Name:DirectionalLight_0 Label:DirectionalLight SpatiallyLoaded:0 Bounds:IsValid=true, Min=(X=-1048576.000 Y=-1048576.000 Z=-1048576.000), Max=(X=1048576.000 Y=1048576.000 Z=1048576.000) RuntimeGrid:None EditorOnly:0 RuntimeOnly:0 HLODRelevant:0 ListedInSceneOutliner:1 IsMainWorldOnly:0 FolderPath:Lighting FolderGuid:963EC3EB4002CCE9759E2EBA541A873A
 |   |   |- Guid:B9A629B54FBD43348A93829205335B51 BaseClass:/Game/Prefabs/Wall_no_top.Wall_no_top_C NativeClass:/Script/Engine.Actor Name:Wall_no_top_C_UAID_74563CC1D0D18CF501_1433481537 Label:Wall_no_top5 SpatiallyLoaded:1 Bounds:IsValid=true, Min=(X=898.045 Y=98.045 Z=500.000), Max=(X=1001.955 Y=201.955 Z=600.000) RuntimeGrid:None EditorOnly:0 RuntimeOnly:0 HLODRelevant:0 ListedInSceneOutliner:1 IsMainWorldOnly:0
 |   |   |- Guid:BC08B79C4EA3C961CFF75EBBE83B367D BaseClass: NativeClass:/Script/Engine.StaticMeshActor Name:StaticMeshActor_5 Label:SM_Cube2 SpatiallyLoaded:1 Bounds:IsValid=true, Min=(X=0.000 Y=0.000 Z=0.000), Max=(X=3000.000 Y=100.000 Z=2000.000) RuntimeGrid:None EditorOnly:0 RuntimeOnly:0 HLODRelevant:1 ListedInSceneOutliner:1 IsMainWorldOnly:0 FolderPath:Playground FolderGuid:C73F09FC4215536B1DCE2A9E0A830C70
 |   |   |- Guid:C89F755444C482690D1792BA4F0F8EE2 BaseClass:/Game/Prefabs/Wall.Wall_C NativeClass:/Script/Engine.Actor Name:Wall_C_UAID_74563CC1D0D13AF501_1591445090 Label:Wall2 SpatiallyLoaded:1 Bounds:IsValid=true, Min=(X=2898.045 Y=98.045 Z=-39.093), Max=(X=3001.955 Y=201.955 Z=2039.093) RuntimeGrid:None EditorOnly:0 RuntimeOnly:0 HLODRelevant:0 ListedInSceneOutliner:1 IsMainWorldOnly:0
 |   |   |- Guid:CCFF262C46EEFFDF319E7F9539CE697E BaseClass: NativeClass:/Script/Engine.SkyAtmosphere Name:SkyAtmosphere_0 Label:SkyAtmosphere SpatiallyLoaded:0 Bounds:IsValid=true, Min=(X=0.000 Y=0.000 Z=1020.000), Max=(X=0.000 Y=0.000 Z=1020.000) RuntimeGrid:None EditorOnly:0 RuntimeOnly:0 HLODRelevant:0 ListedInSceneOutliner:1 IsMainWorldOnly:0 FolderPath:Lighting FolderGuid:963EC3EB4002CCE9759E2EBA541A873A
 |   |   |- Guid:DCEAB4A7437B9EC326E089A25E4F1658 BaseClass:/Game/Prefabs/Wall_no_top.Wall_no_top_C NativeClass:/Script/Engine.Actor Name:Wall_no_top_C_UAID_74563CC1D0D18CF501_1446431539 Label:Wall_no_top7 SpatiallyLoaded:1 Bounds:IsValid=true, Min=(X=1398.045 Y=98.045 Z=1100.000), Max=(X=1501.955 Y=201.955 Z=1200.000) RuntimeGrid:None EditorOnly:0 RuntimeOnly:0 HLODRelevant:0 ListedInSceneOutliner:1 IsMainWorldOnly:0
 |   |   |- Guid:E7E4754E48D456C23509CA96ABDD8605 BaseClass:/Game/Prefabs/JumpPad_Sideway.JumpPad_Sideway_C NativeClass:/Script/Engine.Actor Name:JumpPad_Sideway_C_UAID_74563CC1D0D18CF501_1464499542 Label:JumpPad_Sideway2 SpatiallyLoaded:1 Bounds:IsValid=true, Min=(X=986.757 Y=97.223 Z=697.062), Max=(X=1021.243 Y=202.777 Z=802.938) RuntimeGrid:None EditorOnly:0 RuntimeOnly:0 HLODRelevant:0 ListedInSceneOutliner:1 IsMainWorldOnly:0
 |   |   |- Guid:EC4E0C944CE6AC6E784BC6BB2916EA13 BaseClass: NativeClass:/Script/Engine.StaticMeshActor Name:StaticMeshActor_UAID_A4AE111137DC5EFB00_1110535423 Label:SM_SkySphere SpatiallyLoaded:0 Bounds:IsValid=true, Min=(X=-1638400.000 Y=-1638400.000 Z=-40960.000), Max=(X=1638400.000 Y=1638400.000 Z=40960.000) RuntimeGrid:None EditorOnly:0 RuntimeOnly:0 HLODRelevant:1 ListedInSceneOutliner:1 IsMainWorldOnly:0 FolderPath:Lighting FolderGuid:963EC3EB4002CCE9759E2EBA541A873A
 |   |   |- Guid:F1924B8D48954B30891B2DB6A694F9CC BaseClass: NativeClass:/Script/Engine.StaticMeshActor Name:StaticMeshActor_1 Label:SM_Cube SpatiallyLoaded:1 Bounds:IsValid=true, Min=(X=0.000 Y=0.000 Z=-50.000), Max=(X=3000.000 Y=200.000 Z=0.000) RuntimeGrid:None EditorOnly:0 RuntimeOnly:0 HLODRelevant:1 ListedInSceneOutliner:1 IsMainWorldOnly:0 FolderPath:Playground FolderGuid:C73F09FC4215536B1DCE2A9E0A830C70
 |   |   |- Guid:F5E3FEB3450C49844FD93DA8E083C8AD BaseClass: NativeClass:/Script/Engine.PostProcessVolume Name:PostProcessVolume_0 Label:PostProcessVolume SpatiallyLoaded:0 Bounds:IsValid=true, Min=(X=0.000 Y=0.000 Z=-250.000), Max=(X=200.000 Y=200.000 Z=-50.000) RuntimeGrid:None EditorOnly:0 RuntimeOnly:0 HLODRelevant:0 ListedInSceneOutliner:1 IsMainWorldOnly:0 FolderPath:Lighting FolderGuid:963EC3EB4002CCE9759E2EBA541A873A
 |   |- [+] Clusters:
 |   |   |- [+] [  0]
 |   |   |   |- Guid:0B205CD043EC86B03C8BBEB7A85E547F BaseClass:/Game/Prefabs/Wall_no_top.Wall_no_top_C NativeClass:/Script/Engine.Actor Name:Wall_no_top_C_UAID_74563CC1D0D18CF501_1292242532 Label:Wall_no_top2 SpatiallyLoaded:1 Bounds:IsValid=true, Min=(X=1398.045 Y=98.045 Z=100.000), Max=(X=1501.955 Y=201.955 Z=200.000) RuntimeGrid:None EditorOnly:0 RuntimeOnly:0 HLODRelevant:0 ListedInSceneOutliner:1 IsMainWorldOnly:0
 |   |   |- [+] [  1]
 |   |   |   |- Guid:2FB58999456391D349DC0F86DAC136ED BaseClass: NativeClass:/Script/Engine.SkyLight Name:SkyLight_1 Label:SkyLight SpatiallyLoaded:0 Bounds:IsValid=true, Min=(X=0.000 Y=0.000 Z=690.000), Max=(X=0.000 Y=0.000 Z=690.000) RuntimeGrid:None EditorOnly:0 RuntimeOnly:0 HLODRelevant:0 ListedInSceneOutliner:1 IsMainWorldOnly:0 FolderPath:Lighting FolderGuid:963EC3EB4002CCE9759E2EBA541A873A
 |   |   |- [+] [  2]
 |   |   |   |- Guid:316CF2A6494ACA4C0E4180A87D36AB8F BaseClass: NativeClass:/Script/Engine.ExponentialHeightFog Name:ExponentialHeightFog_0 Label:ExponentialHeightFog SpatiallyLoaded:0 Bounds:IsValid=true, Min=(X=-5600.000 Y=-50.000 Z=-6850.000), Max=(X=-5600.000 Y=-50.000 Z=-6850.000) RuntimeGrid:None EditorOnly:0 RuntimeOnly:0 HLODRelevant:0 ListedInSceneOutliner:1 IsMainWorldOnly:0 FolderPath:Lighting FolderGuid:963EC3EB4002CCE9759E2EBA541A873A
 |   |   |- [+] [  3]
 |   |   |   |- Guid:38278E1847B75EAC798E24B99E5989A8 BaseClass:/Game/Prefabs/Wall_no_top.Wall_no_top_C NativeClass:/Script/Engine.Actor Name:Wall_no_top_C_UAID_74563CC1D0D18CF501_1446434541 Label:Wall_no_top9 SpatiallyLoaded:1 Bounds:IsValid=true, Min=(X=1398.045 Y=98.045 Z=1200.000), Max=(X=1501.955 Y=201.955 Z=1300.000) RuntimeGrid:None EditorOnly:0 RuntimeOnly:0 HLODRelevant:0 ListedInSceneOutliner:1 IsMainWorldOnly:0
 |   |   |- [+] [  4]
 |   |   |   |- Guid:3A00AA1C422CE54C0BDB60BAF471BFBB BaseClass: NativeClass:/Script/Engine.PlayerStart Name:PlayerStart_0 Label:PlayerStart SpatiallyLoaded:0 Bounds:IsValid=true, Min=(X=141.464 Y=107.871 Z=0.013), Max=(X=221.464 Y=187.871 Z=184.013) RuntimeGrid:None EditorOnly:0 RuntimeOnly:0 HLODRelevant:0 ListedInSceneOutliner:1 IsMainWorldOnly:0
 |   |   |- [+] [  5]
 |   |   |   |- Guid:41DCB5AB489B9134D888408865BD16DD BaseClass:/Game/Prefabs/Wall_no_top.Wall_no_top_C NativeClass:/Script/Engine.Actor Name:Wall_no_top_C_UAID_74563CC1D0D18CF501_1297535533 Label:Wall_no_top3 SpatiallyLoaded:1 Bounds:IsValid=true, Min=(X=1398.045 Y=98.045 Z=200.000), Max=(X=1501.955 Y=201.955 Z=300.000) RuntimeGrid:None EditorOnly:0 RuntimeOnly:0 HLODRelevant:0 ListedInSceneOutliner:1 IsMainWorldOnly:0
 |   |   |- [+] [  6]
 |   |   |   |- Guid:447A4DF947F071B05E345290F3C73FA0 BaseClass: NativeClass:/Script/Engine.CameraActor Name:CameraActor_UAID_74563CC1D0D137F501_1717547560 Label:CameraActor SpatiallyLoaded:1 Bounds:IsValid=true, Min=(X=1478.922 Y=4843.325 Z=739.227), Max=(X=1478.922 Y=4843.325 Z=739.227) RuntimeGrid:None EditorOnly:0 RuntimeOnly:0 HLODRelevant:0 ListedInSceneOutliner:1 IsMainWorldOnly:0
 |   |   |- [+] [  7]
 |   |   |   |- Guid:4D3BE93F4146AAAC8BBE79999D96D57F BaseClass: NativeClass:/Script/Engine.VolumetricCloud Name:VolumetricCloud_0 Label:VolumetricCloud SpatiallyLoaded:0 Bounds:IsValid=true, Min=(X=0.000 Y=0.000 Z=820.000), Max=(X=0.000 Y=0.000 Z=820.000) RuntimeGrid:None EditorOnly:0 RuntimeOnly:0 HLODRelevant:0 ListedInSceneOutliner:1 IsMainWorldOnly:0 FolderPath:Lighting FolderGuid:963EC3EB4002CCE9759E2EBA541A873A
 |   |   |- [+] [  8]
 |   |   |   |- Guid:53572BC54390C8230B267591E883D495 BaseClass:/Game/Prefabs/JumpPad_Sideway.JumpPad_Sideway_C NativeClass:/Script/Engine.Actor Name:JumpPad_Sideway_C_UAID_74563CC1D0D18CF501_1306831534 Label:JumpPad_Sideway SpatiallyLoaded:1 Bounds:IsValid=true, Min=(X=1378.757 Y=97.223 Z=97.062), Max=(X=1413.243 Y=202.777 Z=202.938) RuntimeGrid:None EditorOnly:0 RuntimeOnly:0 HLODRelevant:0 ListedInSceneOutliner:1 IsMainWorldOnly:0
 |   |   |- [+] [  9]
 |   |   |   |- Guid:5B370DC74A39A3D2F32ADEBABCEF7595 BaseClass:/Game/Prefabs/Wall.Wall_C NativeClass:/Script/Engine.Actor Name:Wall_C_UAID_74563CC1D0D139F501_1533761913 Label:Wall SpatiallyLoaded:1 Bounds:IsValid=true, Min=(X=-1.955 Y=98.045 Z=-39.093), Max=(X=101.955 Y=201.955 Z=2039.093) RuntimeGrid:None EditorOnly:0 RuntimeOnly:0 HLODRelevant:0 ListedInSceneOutliner:1 IsMainWorldOnly:0
 |   |   |- [+] [ 10]
 |   |   |   |- Guid:5D61802C44A86F173C76AF98FE266740 BaseClass:/Game/Prefabs/JumpPad_Sideway.JumpPad_Sideway_C NativeClass:/Script/Engine.Actor Name:JumpPad_Sideway_C_UAID_74563CC1D0D18CF501_1467163543 Label:JumpPad_Sideway3 SpatiallyLoaded:1 Bounds:IsValid=true, Min=(X=1378.757 Y=97.223 Z=1197.062), Max=(X=1413.243 Y=202.777 Z=1302.938) RuntimeGrid:None EditorOnly:0 RuntimeOnly:0 HLODRelevant:0 ListedInSceneOutliner:1 IsMainWorldOnly:0
 |   |   |- [+] [ 11]
 |   |   |   |- Guid:6BAF4DDD444C60371492D3919DB42C97 BaseClass: NativeClass:/Script/Engine.WorldDataLayers Name:WorldDataLayers Label:WorldDataLayers SpatiallyLoaded:0 Bounds:IsValid=true, Min=(X=0.000 Y=0.000 Z=0.000), Max=(X=0.000 Y=0.000 Z=0.000) RuntimeGrid:None EditorOnly:0 RuntimeOnly:0 HLODRelevant:0 ListedInSceneOutliner:1 IsMainWorldOnly:1
 |   |   |- [+] [ 12]
 |   |   |   |- Guid:799B02E943652DB74BF305A53F605CEE BaseClass:/Game/Prefabs/Wall_no_top.Wall_no_top_C NativeClass:/Script/Engine.Actor Name:Wall_no_top_C_UAID_74563CC1D0D18CF501_1284244531 Label:Wall_no_top SpatiallyLoaded:1 Bounds:IsValid=true, Min=(X=1398.045 Y=98.045 Z=0.000), Max=(X=1501.955 Y=201.955 Z=100.000) RuntimeGrid:None EditorOnly:0 RuntimeOnly:0 HLODRelevant:0 ListedInSceneOutliner:1 IsMainWorldOnly:0
 |   |   |- [+] [ 13]
 |   |   |   |- Guid:81E35092493539A266B713B8793DF7EB BaseClass:/Game/Prefabs/Wall_no_top.Wall_no_top_C NativeClass:/Script/Engine.Actor Name:Wall_no_top_C_UAID_74563CC1D0D18CF501_1435080538 Label:Wall_no_top6 SpatiallyLoaded:1 Bounds:IsValid=true, Min=(X=898.045 Y=98.045 Z=700.000), Max=(X=1001.955 Y=201.955 Z=800.000) RuntimeGrid:None EditorOnly:0 RuntimeOnly:0 HLODRelevant:0 ListedInSceneOutliner:1 IsMainWorldOnly:0
 |   |   |- [+] [ 14]
 |   |   |   |- Guid:9DC48A22482EDAC9C1E06D9925AD0CB6 BaseClass:/Game/Prefabs/Wall_no_top.Wall_no_top_C NativeClass:/Script/Engine.Actor Name:Wall_no_top_C_UAID_74563CC1D0D18CF501_1446433540 Label:Wall_no_top8 SpatiallyLoaded:1 Bounds:IsValid=true, Min=(X=1398.045 Y=98.045 Z=1000.000), Max=(X=1501.955 Y=201.955 Z=1100.000) RuntimeGrid:None EditorOnly:0 RuntimeOnly:0 HLODRelevant:0 ListedInSceneOutliner:1 IsMainWorldOnly:0
 |   |   |- [+] [ 15]
 |   |   |   |- Guid:A89E5679483403D9CF0988BF9E5625B2 BaseClass:/Game/Prefabs/Wall_no_top.Wall_no_top_C NativeClass:/Script/Engine.Actor Name:Wall_no_top_C_UAID_74563CC1D0D18CF501_1418034536 Label:Wall_no_top4 SpatiallyLoaded:1 Bounds:IsValid=true, Min=(X=898.045 Y=98.045 Z=600.000), Max=(X=1001.955 Y=201.955 Z=700.000) RuntimeGrid:None EditorOnly:0 RuntimeOnly:0 HLODRelevant:0 ListedInSceneOutliner:1 IsMainWorldOnly:0
 |   |   |- [+] [ 16]
 |   |   |   |- Guid:B785ED2844B84CFB91E7F39FE661CD99 BaseClass: NativeClass:/Script/Engine.DirectionalLight Name:DirectionalLight_0 Label:DirectionalLight SpatiallyLoaded:0 Bounds:IsValid=true, Min=(X=-1048576.000 Y=-1048576.000 Z=-1048576.000), Max=(X=1048576.000 Y=1048576.000 Z=1048576.000) RuntimeGrid:None EditorOnly:0 RuntimeOnly:0 HLODRelevant:0 ListedInSceneOutliner:1 IsMainWorldOnly:0 FolderPath:Lighting FolderGuid:963EC3EB4002CCE9759E2EBA541A873A
 |   |   |- [+] [ 17]
 |   |   |   |- Guid:B9A629B54FBD43348A93829205335B51 BaseClass:/Game/Prefabs/Wall_no_top.Wall_no_top_C NativeClass:/Script/Engine.Actor Name:Wall_no_top_C_UAID_74563CC1D0D18CF501_1433481537 Label:Wall_no_top5 SpatiallyLoaded:1 Bounds:IsValid=true, Min=(X=898.045 Y=98.045 Z=500.000), Max=(X=1001.955 Y=201.955 Z=600.000) RuntimeGrid:None EditorOnly:0 RuntimeOnly:0 HLODRelevant:0 ListedInSceneOutliner:1 IsMainWorldOnly:0
 |   |   |- [+] [ 18]
 |   |   |   |- Guid:BC08B79C4EA3C961CFF75EBBE83B367D BaseClass: NativeClass:/Script/Engine.StaticMeshActor Name:StaticMeshActor_5 Label:SM_Cube2 SpatiallyLoaded:1 Bounds:IsValid=true, Min=(X=0.000 Y=0.000 Z=0.000), Max=(X=3000.000 Y=100.000 Z=2000.000) RuntimeGrid:None EditorOnly:0 RuntimeOnly:0 HLODRelevant:1 ListedInSceneOutliner:1 IsMainWorldOnly:0 FolderPath:Playground FolderGuid:C73F09FC4215536B1DCE2A9E0A830C70
 |   |   |- [+] [ 19]
 |   |   |   |- Guid:C89F755444C482690D1792BA4F0F8EE2 BaseClass:/Game/Prefabs/Wall.Wall_C NativeClass:/Script/Engine.Actor Name:Wall_C_UAID_74563CC1D0D13AF501_1591445090 Label:Wall2 SpatiallyLoaded:1 Bounds:IsValid=true, Min=(X=2898.045 Y=98.045 Z=-39.093), Max=(X=3001.955 Y=201.955 Z=2039.093) RuntimeGrid:None EditorOnly:0 RuntimeOnly:0 HLODRelevant:0 ListedInSceneOutliner:1 IsMainWorldOnly:0
 |   |   |- [+] [ 20]
 |   |   |   |- Guid:CCFF262C46EEFFDF319E7F9539CE697E BaseClass: NativeClass:/Script/Engine.SkyAtmosphere Name:SkyAtmosphere_0 Label:SkyAtmosphere SpatiallyLoaded:0 Bounds:IsValid=true, Min=(X=0.000 Y=0.000 Z=1020.000), Max=(X=0.000 Y=0.000 Z=1020.000) RuntimeGrid:None EditorOnly:0 RuntimeOnly:0 HLODRelevant:0 ListedInSceneOutliner:1 IsMainWorldOnly:0 FolderPath:Lighting FolderGuid:963EC3EB4002CCE9759E2EBA541A873A
 |   |   |- [+] [ 21]
 |   |   |   |- Guid:DCEAB4A7437B9EC326E089A25E4F1658 BaseClass:/Game/Prefabs/Wall_no_top.Wall_no_top_C NativeClass:/Script/Engine.Actor Name:Wall_no_top_C_UAID_74563CC1D0D18CF501_1446431539 Label:Wall_no_top7 SpatiallyLoaded:1 Bounds:IsValid=true, Min=(X=1398.045 Y=98.045 Z=1100.000), Max=(X=1501.955 Y=201.955 Z=1200.000) RuntimeGrid:None EditorOnly:0 RuntimeOnly:0 HLODRelevant:0 ListedInSceneOutliner:1 IsMainWorldOnly:0
 |   |   |- [+] [ 22]
 |   |   |   |- Guid:E7E4754E48D456C23509CA96ABDD8605 BaseClass:/Game/Prefabs/JumpPad_Sideway.JumpPad_Sideway_C NativeClass:/Script/Engine.Actor Name:JumpPad_Sideway_C_UAID_74563CC1D0D18CF501_1464499542 Label:JumpPad_Sideway2 SpatiallyLoaded:1 Bounds:IsValid=true, Min=(X=986.757 Y=97.223 Z=697.062), Max=(X=1021.243 Y=202.777 Z=802.938) RuntimeGrid:None EditorOnly:0 RuntimeOnly:0 HLODRelevant:0 ListedInSceneOutliner:1 IsMainWorldOnly:0
 |   |   |- [+] [ 23]
 |   |   |   |- Guid:EC4E0C944CE6AC6E784BC6BB2916EA13 BaseClass: NativeClass:/Script/Engine.StaticMeshActor Name:StaticMeshActor_UAID_A4AE111137DC5EFB00_1110535423 Label:SM_SkySphere SpatiallyLoaded:0 Bounds:IsValid=true, Min=(X=-1638400.000 Y=-1638400.000 Z=-40960.000), Max=(X=1638400.000 Y=1638400.000 Z=40960.000) RuntimeGrid:None EditorOnly:0 RuntimeOnly:0 HLODRelevant:1 ListedInSceneOutliner:1 IsMainWorldOnly:0 FolderPath:Lighting FolderGuid:963EC3EB4002CCE9759E2EBA541A873A
 |   |   |- [+] [ 24]
 |   |   |   |- Guid:F1924B8D48954B30891B2DB6A694F9CC BaseClass: NativeClass:/Script/Engine.StaticMeshActor Name:StaticMeshActor_1 Label:SM_Cube SpatiallyLoaded:1 Bounds:IsValid=true, Min=(X=0.000 Y=0.000 Z=-50.000), Max=(X=3000.000 Y=200.000 Z=0.000) RuntimeGrid:None EditorOnly:0 RuntimeOnly:0 HLODRelevant:1 ListedInSceneOutliner:1 IsMainWorldOnly:0 FolderPath:Playground FolderGuid:C73F09FC4215536B1DCE2A9E0A830C70
 |   |   |- [+] [ 25]
 |   |   |   |- Guid:F5E3FEB3450C49844FD93DA8E083C8AD BaseClass: NativeClass:/Script/Engine.PostProcessVolume Name:PostProcessVolume_0 Label:PostProcessVolume SpatiallyLoaded:0 Bounds:IsValid=true, Min=(X=0.000 Y=0.000 Z=-250.000), Max=(X=200.000 Y=200.000 Z=-50.000) RuntimeGrid:None EditorOnly:0 RuntimeOnly:0 HLODRelevant:0 ListedInSceneOutliner:1 IsMainWorldOnly:0 FolderPath:Lighting FolderGuid:963EC3EB4002CCE9759E2EBA541A873A
 |- ContainerInstances:
 |- [+] MainContainer:
 |   |-        ID: 00000000000000000000000000000000
 |   |-  ParentID: 00000000000000000000000000000000
 |   |-    Bounds: IsValid=false, Min=(X=0.000 Y=0.000 Z=0.000), Max=(X=0.000 Y=0.000 Z=0.000)
 |   |- Transform: 0.000000,0.000000,0.000000|0.000000,0.000000,-0.000000|1.000000,1.000000,1.000000
 |   |- Container: /Game/ThirdPerson/Maps/ThirdPersonMap
----------------------------------------------------------------------------------------------------------------
ThirdPersonMap - Persistent Level
----------------------------------------------------------------------------------------------------------------
[+] Content of ThirdPersonMap Persistent Level
 |- Always loaded Actor Count: 33 
 |- Actor Path: /Game/ThirdPerson/Maps/ThirdPersonMap.ThirdPersonMap:PersistentLevel.AbstractNavData-Default
 |- Actor Package: /Game/ThirdPerson/Maps/ThirdPersonMap
 |- Actor Path: /Game/ThirdPerson/Maps/ThirdPersonMap.ThirdPersonMap:PersistentLevel.Brush_0
 |- Actor Package: /Game/ThirdPerson/Maps/ThirdPersonMap
 |- Actor Path: /Game/ThirdPerson/Maps/ThirdPersonMap.ThirdPersonMap:PersistentLevel.CameraActor_UAID_74563CC1D0D137F501_1717547560
 |- Actor Package: /Game/__ExternalActors__/ThirdPerson/Maps/ThirdPersonMap/0/4R/KIMWGW4RNYDIR5RQQ4W1BZ
 |- Actor Path: /Game/ThirdPerson/Maps/ThirdPersonMap.ThirdPersonMap:PersistentLevel.DefaultPhysicsVolume_0
 |- Actor Package: /Game/ThirdPerson/Maps/ThirdPersonMap
 |- Actor Path: /Game/ThirdPerson/Maps/ThirdPersonMap.ThirdPersonMap:PersistentLevel.DirectionalLight_0
 |- Actor Package: /Game/__ExternalActors__/ThirdPerson/Maps/ThirdPersonMap/5/R1/TS5OQ5CRUWFZYL1ZQ7I416
 |- Actor Path: /Game/ThirdPerson/Maps/ThirdPersonMap.ThirdPersonMap:PersistentLevel.ExponentialHeightFog_0
 |- Actor Package: /Game/__ExternalActors__/ThirdPerson/Maps/ThirdPersonMap/6/J7/N10XDC9G27EMLS5AGZ6AVV
 |- Actor Path: /Game/ThirdPerson/Maps/ThirdPersonMap.ThirdPersonMap:PersistentLevel.GameplayDebuggerPlayerManager_0
 |- Actor Package: /Game/ThirdPerson/Maps/ThirdPersonMap
 |- Actor Path: /Game/ThirdPerson/Maps/ThirdPersonMap.ThirdPersonMap:PersistentLevel.JumpPad_Sideway_C_UAID_74563CC1D0D18CF501_1306831534
 |- Actor Package: /Game/__ExternalActors__/ThirdPerson/Maps/ThirdPersonMap/7/VN/T1HM4E1VUJ013S2F89JA8H
 |- Actor Path: /Game/ThirdPerson/Maps/ThirdPersonMap.ThirdPersonMap:PersistentLevel.JumpPad_Sideway_C_UAID_74563CC1D0D18CF501_1464499542
 |- Actor Package: /Game/__ExternalActors__/ThirdPerson/Maps/ThirdPersonMap/D/1U/WFDT0PUYV3G7RATMGIT7PH
 |- Actor Path: /Game/ThirdPerson/Maps/ThirdPersonMap.ThirdPersonMap:PersistentLevel.JumpPad_Sideway_C_UAID_74563CC1D0D18CF501_1467163543
 |- Actor Package: /Game/__ExternalActors__/ThirdPerson/Maps/ThirdPersonMap/D/V1/AWVUZQNI8PXP49TN85W9OY
 |- Actor Path: /Game/ThirdPerson/Maps/ThirdPersonMap.ThirdPersonMap:PersistentLevel.PlayerStart_0
 |- Actor Package: /Game/__ExternalActors__/ThirdPerson/Maps/ThirdPersonMap/D/DE/SWSI13675DVYIZ0N4NF7Y3
 |- Actor Path: /Game/ThirdPerson/Maps/ThirdPersonMap.ThirdPersonMap:PersistentLevel.PostProcessVolume_0
 |- Actor Package: /Game/__ExternalActors__/ThirdPerson/Maps/ThirdPersonMap/1/AZ/A7GPT109Y6ZTTJD4A7TXER
 |- Actor Path: /Game/ThirdPerson/Maps/ThirdPersonMap.ThirdPersonMap:PersistentLevel.SkyAtmosphere_0
 |- Actor Package: /Game/__ExternalActors__/ThirdPerson/Maps/ThirdPersonMap/4/LN/30UBDLYFFA5ZR7U4W4L4GG
 |- Actor Path: /Game/ThirdPerson/Maps/ThirdPersonMap.ThirdPersonMap:PersistentLevel.SkyLight_1
 |- Actor Package: /Game/__ExternalActors__/ThirdPerson/Maps/ThirdPersonMap/8/S1/DXUWD12MD3HRWVVXX076BY
 |- Actor Path: /Game/ThirdPerson/Maps/ThirdPersonMap.ThirdPersonMap:PersistentLevel.StaticMeshActor_1
 |- Actor Package: /Game/__ExternalActors__/ThirdPerson/Maps/ThirdPersonMap/6/YO/NG2R9BPZVA7ZDN0Z4VSTG6
 |- Actor Path: /Game/ThirdPerson/Maps/ThirdPersonMap.ThirdPersonMap:PersistentLevel.StaticMeshActor_5
 |- Actor Package: /Game/__ExternalActors__/ThirdPerson/Maps/ThirdPersonMap/C/QF/BY1DA5CRGQSAMOTK8RA8KR
 |- Actor Path: /Game/ThirdPerson/Maps/ThirdPersonMap.ThirdPersonMap:PersistentLevel.StaticMeshActor_UAID_A4AE111137DC5EFB00_1110535423
 |- Actor Package: /Game/__ExternalActors__/ThirdPerson/Maps/ThirdPersonMap/4/PN/2QISIGK5DJNQ05US8O8FXW
 |- Actor Path: /Game/ThirdPerson/Maps/ThirdPersonMap.ThirdPersonMap:PersistentLevel.ThirdPersonExampleMap_C_0
 |- Actor Package: /Game/ThirdPerson/Maps/ThirdPersonMap
 |- Actor Path: /Game/ThirdPerson/Maps/ThirdPersonMap.ThirdPersonMap:PersistentLevel.VolumetricCloud_0
 |- Actor Package: /Game/__ExternalActors__/ThirdPerson/Maps/ThirdPersonMap/3/EY/87SHEJN5UBEAN2K5OV1G6R
 |- Actor Path: /Game/ThirdPerson/Maps/ThirdPersonMap.ThirdPersonMap:PersistentLevel.Wall_C_UAID_74563CC1D0D139F501_1533761913
 |- Actor Package: /Game/__ExternalActors__/ThirdPerson/Maps/ThirdPersonMap/1/JZ/OLSUGTUB1U6O8AV78RQ0N1
 |- Actor Path: /Game/ThirdPerson/Maps/ThirdPersonMap.ThirdPersonMap:PersistentLevel.Wall_C_UAID_74563CC1D0D13AF501_1591445090
 |- Actor Package: /Game/__ExternalActors__/ThirdPerson/Maps/ThirdPersonMap/0/U3/8OT3T0OIRQQSOPDLT4MM53
 |- Actor Path: /Game/ThirdPerson/Maps/ThirdPersonMap.ThirdPersonMap:PersistentLevel.Wall_no_top_C_UAID_74563CC1D0D18CF501_1284244531
 |- Actor Package: /Game/__ExternalActors__/ThirdPerson/Maps/ThirdPersonMap/4/YA/4VS332QFYDC08X6BPLU5FB
 |- Actor Path: /Game/ThirdPerson/Maps/ThirdPersonMap.ThirdPersonMap:PersistentLevel.Wall_no_top_C_UAID_74563CC1D0D18CF501_1292242532
 |- Actor Package: /Game/__ExternalActors__/ThirdPerson/Maps/ThirdPersonMap/1/NZ/TECWPODYXNOO6DAAJBDD5M
 |- Actor Path: /Game/ThirdPerson/Maps/ThirdPersonMap.ThirdPersonMap:PersistentLevel.Wall_no_top_C_UAID_74563CC1D0D18CF501_1297535533
 |- Actor Package: /Game/__ExternalActors__/ThirdPerson/Maps/ThirdPersonMap/A/KH/PZL08E0YS1U7TL27THT83G
 |- Actor Path: /Game/ThirdPerson/Maps/ThirdPersonMap.ThirdPersonMap:PersistentLevel.Wall_no_top_C_UAID_74563CC1D0D18CF501_1418034536
 |- Actor Package: /Game/__ExternalActors__/ThirdPerson/Maps/ThirdPersonMap/C/B5/U752OFJU45GG2TDRG5Z876
 |- Actor Path: /Game/ThirdPerson/Maps/ThirdPersonMap.ThirdPersonMap:PersistentLevel.Wall_no_top_C_UAID_74563CC1D0D18CF501_1433481537
 |- Actor Package: /Game/__ExternalActors__/ThirdPerson/Maps/ThirdPersonMap/D/AK/ZDIU5NCTM701QFY9NC6QL7
 |- Actor Path: /Game/ThirdPerson/Maps/ThirdPersonMap.ThirdPersonMap:PersistentLevel.Wall_no_top_C_UAID_74563CC1D0D18CF501_1435080538
 |- Actor Package: /Game/__ExternalActors__/ThirdPerson/Maps/ThirdPersonMap/4/OW/SURW121L77BRMWNAO3ZTWZ
 |- Actor Path: /Game/ThirdPerson/Maps/ThirdPersonMap.ThirdPersonMap:PersistentLevel.Wall_no_top_C_UAID_74563CC1D0D18CF501_1446431539
 |- Actor Package: /Game/__ExternalActors__/ThirdPerson/Maps/ThirdPersonMap/5/CP/AA42X59JWWZ0E03J2GVTDL
 |- Actor Path: /Game/ThirdPerson/Maps/ThirdPersonMap.ThirdPersonMap:PersistentLevel.Wall_no_top_C_UAID_74563CC1D0D18CF501_1446433540
 |- Actor Package: /Game/__ExternalActors__/ThirdPerson/Maps/ThirdPersonMap/9/OV/GTQ2Y9HZ63D6S60QAZWXF8
 |- Actor Path: /Game/ThirdPerson/Maps/ThirdPersonMap.ThirdPersonMap:PersistentLevel.Wall_no_top_C_UAID_74563CC1D0D18CF501_1446434541
 |- Actor Package: /Game/__ExternalActors__/ThirdPerson/Maps/ThirdPersonMap/5/FT/VKB11CKMJDERYE565EH4Y0
 |- Actor Path: /Game/ThirdPerson/Maps/ThirdPersonMap.ThirdPersonMap:PersistentLevel.WorldDataLayers
 |- Actor Package: /Game/__ExternalActors__/ThirdPerson/Maps/ThirdPersonMap/0/43/HYQWORMY4JDQ5X3OKZXFLC
 |- Actor Path: /Game/ThirdPerson/Maps/ThirdPersonMap.ThirdPersonMap:PersistentLevel.WorldInfo_0
 |- Actor Package: /Game/ThirdPerson/Maps/ThirdPersonMap
 |- Actor Path: /Game/ThirdPerson/Maps/ThirdPersonMap.ThirdPersonMap:PersistentLevel.WorldPartitionMiniMap_0
 |- Actor Package: /Game/__ExternalActors__/ThirdPerson/Maps/ThirdPersonMap/E/FR/LBG6LPN5JCL3FMVSI2CK6R

----------------------------------------------------------------------------------------------------------------
ThirdPersonMap - Runtime Spatial Hash - Streaming Grid - MainGrid
----------------------------------------------------------------------------------------------------------------
            Origin: X=0.000 Y=0.000 Z=0.000
         Cell Size: 12800
      World Bounds: IsValid=false, Min=(X=0.000 Y=0.000 Z=0.000), Max=(X=0.000 Y=0.000 Z=0.000)
     Loading Range: 25600.00
Block Slow Loading: No
 ClientOnlyVisible: No
            Origin: X=0.000 Y=0.000 Z=0.000

[+] Grid Levels: 1
 |- Level  0: Cell Count    0 | Cell Size   12800 | Actor Count    0 (0.0%)

[+] Content of Grid Level 0

